[2022-04-16T01:44:22.329Z][QUERY]: SELECT * FROM current_schema()
[2022-04-16T01:44:22.336Z][INFO]: No classes were found using the provided glob pattern:  "./src/modules//infra/typeorm/entities/.ts"
[2022-04-16T01:44:22.337Z][INFO]: No classes were found using the provided glob pattern:  "./src/shared/infra/typeorm/migrations/.ts"
[2022-04-16T01:44:22.338Z][QUERY]: SHOW server_version;
[2022-04-16T01:45:25.995Z][QUERY]: SELECT * FROM current_schema()
[2022-04-16T01:45:26.003Z][INFO]: No classes were found using the provided glob pattern:  "./src/modules//infra/typeorm/entities/.ts"
[2022-04-16T01:45:26.004Z][INFO]: No classes were found using the provided glob pattern:  "./src/shared/infra/typeorm/migrations/.ts"
[2022-04-16T01:45:26.005Z][QUERY]: SHOW server_version;
[2022-04-16T01:45:56.169Z][QUERY]: SELECT * FROM current_schema()
[2022-04-16T01:45:56.180Z][INFO]: No classes were found using the provided glob pattern:  "./src/modules//infra/typeorm/entities/.ts"
[2022-04-16T01:45:56.181Z][INFO]: No classes were found using the provided glob pattern:  "./src/shared/infra/typeorm/migrations/.ts"
[2022-04-16T01:45:56.182Z][QUERY]: SHOW server_version;
[2022-04-16T01:55:42.855Z][QUERY]: SELECT * FROM current_schema()
[2022-04-16T01:55:42.863Z][INFO]: No classes were found using the provided glob pattern:  "./src/modules//infra/typeorm/entities/.ts"
[2022-04-16T01:55:42.864Z][INFO]: No classes were found using the provided glob pattern:  "./src/shared/infra/typeorm/migrations/.ts"
[2022-04-16T01:55:42.865Z][QUERY]: SHOW server_version;
[2022-04-16T01:56:10.362Z][QUERY]: SELECT * FROM current_schema()
[2022-04-16T01:56:10.370Z][INFO]: No classes were found using the provided glob pattern:  "./src/modules//infra/typeorm/entities/.ts"
[2022-04-16T01:56:10.371Z][INFO]: No classes were found using the provided glob pattern:  "./src/shared/infra/typeorm/migrations/.ts"
[2022-04-16T01:56:10.372Z][QUERY]: SHOW server_version;
[2022-04-16T01:59:44.519Z][QUERY]: SELECT * FROM current_schema()
[2022-04-16T01:59:44.528Z][INFO]: No classes were found using the provided glob pattern:  "./src/modules//infra/typeorm/entities/.ts"
[2022-04-16T01:59:44.530Z][INFO]: No classes were found using the provided glob pattern:  "./src/shared/infra/typeorm/migrations/.ts"
[2022-04-16T01:59:44.531Z][QUERY]: SHOW server_version;
[2022-04-16T01:59:59.725Z][QUERY]: SELECT * FROM current_schema()
[2022-04-16T01:59:59.734Z][INFO]: No classes were found using the provided glob pattern:  "./src/modules//infra/typeorm/entities/.ts"
[2022-04-16T01:59:59.736Z][INFO]: No classes were found using the provided glob pattern:  "./src/shared/infra/typeorm/migrations/.ts"
[2022-04-16T01:59:59.737Z][QUERY]: SHOW server_version;
[2022-04-16T02:10:33.713Z][QUERY]: SELECT * FROM current_schema()
[2022-04-16T02:10:33.722Z][INFO]: No classes were found using the provided glob pattern:  "./src/modules//infra/typeorm/entities/.ts"
[2022-04-16T02:10:33.723Z][INFO]: No classes were found using the provided glob pattern:  "./src/shared/infra/typeorm/migrations/.ts"
[2022-04-16T02:10:33.724Z][QUERY]: SHOW server_version;
[2022-04-16T02:15:33.079Z][QUERY]: SELECT * FROM current_schema()
[2022-04-16T02:15:33.086Z][INFO]: No classes were found using the provided glob pattern:  "./src/modules//infra/typeorm/entities/.ts"
[2022-04-16T02:15:33.088Z][INFO]: No classes were found using the provided glob pattern:  "./src/shared/infra/typeorm/migrations/.ts"
[2022-04-16T02:15:33.089Z][QUERY]: SHOW server_version;
[2022-04-16T02:15:48.217Z][QUERY]: SELECT * FROM current_schema()
[2022-04-16T02:15:48.224Z][INFO]: No classes were found using the provided glob pattern:  "./src/modules//infra/typeorm/entities/.ts"
[2022-04-16T02:15:48.226Z][INFO]: No classes were found using the provided glob pattern:  "./src/shared/infra/typeorm/migrations/.ts"
[2022-04-16T02:15:48.227Z][QUERY]: SHOW server_version;
[2022-04-16T02:24:04.336Z][QUERY]: SELECT * FROM current_schema()
[2022-04-16T02:24:04.344Z][INFO]: No classes were found using the provided glob pattern:  "./src/modules//infra/typeorm/entities/.ts"
[2022-04-16T02:24:04.345Z][INFO]: No classes were found using the provided glob pattern:  "./src/shared/infra/typeorm/migrations/.ts"
[2022-04-16T02:24:04.346Z][QUERY]: SHOW server_version;
[2022-04-16T02:26:30.735Z][QUERY]: SELECT * FROM current_schema()
[2022-04-16T02:26:30.742Z][INFO]: No classes were found using the provided glob pattern:  "./src/modules//infra/typeorm/entities/.ts"
[2022-04-16T02:26:30.744Z][INFO]: No classes were found using the provided glob pattern:  "./src/shared/infra/typeorm/migrations/.ts"
[2022-04-16T02:26:30.745Z][QUERY]: SHOW server_version;
[2022-04-16T02:26:50.296Z][QUERY]: SELECT * FROM current_schema()
[2022-04-16T02:26:50.303Z][INFO]: No classes were found using the provided glob pattern:  "./src/modules//infra/typeorm/entities/.ts"
[2022-04-16T02:26:50.304Z][INFO]: No classes were found using the provided glob pattern:  "./src/shared/infra/typeorm/migrations/.ts"
[2022-04-16T02:26:50.305Z][QUERY]: SHOW server_version;
[2022-04-16T02:26:53.260Z][QUERY]: SELECT * FROM current_schema()
[2022-04-16T02:26:53.267Z][INFO]: No classes were found using the provided glob pattern:  "./src/modules//infra/typeorm/entities/.ts"
[2022-04-16T02:26:53.268Z][INFO]: No classes were found using the provided glob pattern:  "./src/shared/infra/typeorm/migrations/.ts"
[2022-04-16T02:26:53.269Z][QUERY]: SHOW server_version;
[2022-04-16T02:40:00.826Z][QUERY]: SELECT * FROM current_schema()
[2022-04-16T02:40:00.835Z][INFO]: No classes were found using the provided glob pattern:  "./src/modules//infra/typeorm/entities/.ts"
[2022-04-16T02:40:00.836Z][INFO]: No classes were found using the provided glob pattern:  "./src/shared/infra/typeorm/migrations/.ts"
[2022-04-16T02:40:00.837Z][QUERY]: SHOW server_version;
[2022-04-16T02:44:17.165Z][QUERY]: SELECT * FROM current_schema()
[2022-04-16T02:44:17.173Z][INFO]: No classes were found using the provided glob pattern:  "./src/modules//infra/typeorm/entities/.ts"
[2022-04-16T02:44:17.175Z][INFO]: No classes were found using the provided glob pattern:  "./src/shared/infra/typeorm/migrations/.ts"
[2022-04-16T02:44:17.176Z][QUERY]: SHOW server_version;
[2022-04-16T02:45:19.686Z][QUERY]: SELECT * FROM current_schema()
[2022-04-16T02:45:19.695Z][INFO]: No classes were found using the provided glob pattern:  "./src/modules//infra/typeorm/entities/.ts"
[2022-04-16T02:45:19.696Z][INFO]: No classes were found using the provided glob pattern:  "./src/shared/infra/typeorm/migrations/.ts"
[2022-04-16T02:45:19.697Z][QUERY]: SHOW server_version;
[2022-04-16T02:45:35.490Z][QUERY]: SELECT * FROM current_schema()
[2022-04-16T02:45:35.497Z][INFO]: No classes were found using the provided glob pattern:  "./src/modules//infra/typeorm/entities/.ts"
[2022-04-16T02:45:35.498Z][INFO]: No classes were found using the provided glob pattern:  "./src/shared/infra/typeorm/migrations/.ts"
[2022-04-16T02:45:35.499Z][QUERY]: SHOW server_version;
[2022-05-01T19:04:31.980Z][QUERY]: SELECT * FROM current_schema()
[2022-05-01T19:04:32.007Z][QUERY]: SHOW server_version;
[2022-05-01T19:04:32.010Z][QUERY]: SELECT * FROM "information_schema"."tables" WHERE "table_schema" = 'public' AND "table_name" = 'migrations'
[2022-05-01T19:04:32.056Z][QUERY]: CREATE TABLE "migrations" ("id" SERIAL NOT NULL, "timestamp" bigint NOT NULL, "name" character varying NOT NULL, CONSTRAINT "PK_8c82d7f526340ab734260ea46be" PRIMARY KEY ("id"))
[2022-05-01T19:04:32.106Z][QUERY]: SELECT * FROM "information_schema"."tables" WHERE "table_schema" = 'public' AND "table_name" = 'typeorm_metadata'
[2022-05-01T19:04:32.109Z][QUERY]: CREATE TABLE "typeorm_metadata" ("type" character varying NOT NULL, "database" character varying, "schema" character varying, "table" character varying, "name" character varying, "value" text)
[2022-05-01T19:04:32.118Z][QUERY]: SELECT * FROM "migrations" "migrations" ORDER BY "id" DESC
[2022-05-01T19:04:32.121Z]No migrations are pending
[2022-05-01T19:09:28.476Z][QUERY]: SELECT * FROM current_schema()
[2022-05-01T19:09:28.485Z][QUERY]: SHOW server_version;
[2022-05-01T19:09:28.488Z][QUERY]: SELECT * FROM "information_schema"."tables" WHERE "table_schema" = 'public' AND "table_name" = 'migrations'
[2022-05-01T19:09:28.493Z][QUERY]: SELECT * FROM "information_schema"."tables" WHERE "table_schema" = 'public' AND "table_name" = 'typeorm_metadata'
[2022-05-01T19:09:28.497Z][QUERY]: SELECT * FROM "migrations" "migrations" ORDER BY "id" DESC
[2022-05-01T19:09:28.499Z]No migrations are pending
[2022-05-01T19:11:32.750Z][QUERY]: SELECT * FROM current_schema()
[2022-05-01T19:11:34.569Z][QUERY]: SHOW server_version;
[2022-05-01T19:11:34.572Z][QUERY]: SELECT * FROM "information_schema"."tables" WHERE "table_schema" = 'public' AND "table_name" = 'migrations'
[2022-05-01T19:11:34.578Z][QUERY]: SELECT * FROM "information_schema"."tables" WHERE "table_schema" = 'public' AND "table_name" = 'typeorm_metadata'
[2022-05-01T19:11:34.583Z][QUERY]: SELECT * FROM "migrations" "migrations" ORDER BY "id" DESC
[2022-05-01T19:11:34.585Z]0 migrations are already loaded in the database.
[2022-05-01T19:11:34.586Z]1 migrations were found in the source code.
[2022-05-01T19:11:34.586Z]1 migrations are new migrations that needs to be executed.
[2022-05-01T19:11:34.587Z][QUERY]: START TRANSACTION
[2022-05-01T19:11:34.590Z][QUERY]: CREATE TABLE "Users" ("username" varchar(50) NOT NULL, "password" varchar(1000) NOT NULL, "name" varchar(100) NOT NULL, "status" int NOT NULL, CONSTRAINT "PK_ffc81a3b97dcbf8e320d5106c0d" PRIMARY KEY ("username"))
[2022-05-01T19:11:34.611Z][QUERY]: INSERT INTO "migrations"("timestamp", "name") VALUES ($1, $2) -- PARAMETERS: [1651430840384,"CreateTableUsers1651430840384"]
[2022-05-01T19:11:34.658Z]Migration CreateTableUsers1651430840384 has been executed successfully.
[2022-05-01T19:11:34.659Z][QUERY]: COMMIT
[2022-05-01T19:22:10.113Z][QUERY]: SELECT * FROM current_schema()
[2022-05-01T19:22:10.121Z][INFO]: No classes were found using the provided glob pattern:  "./src/modules//infra/typeorm/entities/*.ts"
[2022-05-01T19:22:10.122Z][INFO]: All classes found using provided glob pattern "./src/shared/infra/typeorm/migrations/*.ts" : "src/shared/infra/typeorm/migrations/1651430840384-CreateTableUsers.ts"
[2022-05-01T19:22:10.163Z][QUERY]: SHOW server_version;
[2022-05-01T19:24:13.240Z][QUERY]: SELECT * FROM current_schema()
[2022-05-01T19:24:13.246Z][INFO]: No classes were found using the provided glob pattern:  "./src/modules//infra/typeorm/entities/*.ts"
[2022-05-01T19:24:13.248Z][INFO]: All classes found using provided glob pattern "./src/shared/infra/typeorm/migrations/*.ts" : "src/shared/infra/typeorm/migrations/1651430840384-CreateTableUsers.ts"
[2022-05-01T19:24:13.254Z][QUERY]: SHOW server_version;
[2022-05-01T19:26:12.925Z][QUERY]: SELECT * FROM current_schema()
[2022-05-01T19:26:12.932Z][INFO]: No classes were found using the provided glob pattern:  "./src/modules/infra/typeorm/entities/*.ts"
[2022-05-01T19:26:12.934Z][INFO]: All classes found using provided glob pattern "./src/shared/infra/typeorm/migrations/*.ts" : "src/shared/infra/typeorm/migrations/1651430840384-CreateTableUsers.ts"
[2022-05-01T19:26:12.940Z][QUERY]: SHOW server_version;
[2022-05-01T19:26:36.839Z][QUERY]: SELECT * FROM current_schema()
[2022-05-01T19:26:36.846Z][INFO]: No classes were found using the provided glob pattern:  "./src/modules/infra/typeorm/entities/*.ts"
[2022-05-01T19:26:36.848Z][INFO]: All classes found using provided glob pattern "./src/shared/infra/typeorm/migrations/*.ts" : "src/shared/infra/typeorm/migrations/1651430840384-CreateTableUsers.ts"
[2022-05-01T19:26:36.857Z][QUERY]: SHOW server_version;
[2022-05-01T19:27:53.497Z][QUERY]: SELECT * FROM current_schema()
[2022-05-01T19:27:53.513Z][INFO]: All classes found using provided glob pattern "./src/modules/**/infra/typeorm/entities/*.ts" : "src/modules/users/infra/typeorm/entities/User.ts"
[2022-05-01T19:27:53.521Z][INFO]: All classes found using provided glob pattern "./src/shared/infra/typeorm/migrations/*.ts" : "src/shared/infra/typeorm/migrations/1651430840384-CreateTableUsers.ts"
[2022-05-01T19:27:53.528Z][QUERY]: SHOW server_version;
[2022-05-01T19:28:04.108Z][QUERY]: START TRANSACTION
[2022-05-01T19:28:04.115Z][QUERY]: INSERT INTO "Users"("createdAt", "createdBy", "updatedAt", "updatedBy", "version", "username", "password", "name", "status") VALUES (DEFAULT, $1, DEFAULT, $2, 1, DEFAULT, DEFAULT, DEFAULT, DEFAULT) RETURNING "createdAt", "updatedAt", "version" -- PARAMETERS: ["Admin","Admin"]
[2022-05-01T19:28:04.118Z][FAILED QUERY]: INSERT INTO "Users"("createdAt", "createdBy", "updatedAt", "updatedBy", "version", "username", "password", "name", "status") VALUES (DEFAULT, $1, DEFAULT, $2, 1, DEFAULT, DEFAULT, DEFAULT, DEFAULT) RETURNING "createdAt", "updatedAt", "version" -- PARAMETERS: ["Admin","Admin"]
[2022-05-01T19:28:04.118Z][QUERY ERROR]: error: column "createdAt" of relation "Users" does not exist
[2022-05-01T19:28:04.120Z][QUERY]: ROLLBACK
[2022-05-01T19:29:41.284Z][QUERY]: SELECT * FROM current_schema()
[2022-05-01T19:29:41.300Z][INFO]: All classes found using provided glob pattern "./src/modules/**/infra/typeorm/entities/*.ts" : "src/modules/users/infra/typeorm/entities/User.ts"
[2022-05-01T19:29:41.308Z][INFO]: All classes found using provided glob pattern "./src/shared/infra/typeorm/migrations/*.ts" : "src/shared/infra/typeorm/migrations/1651430840384-CreateTableUsers.ts"
[2022-05-01T19:29:47.510Z][QUERY]: SELECT * FROM current_schema()
[2022-05-01T19:29:47.526Z][INFO]: All classes found using provided glob pattern "./src/modules/**/infra/typeorm/entities/*.ts" : "src/modules/users/infra/typeorm/entities/User.ts"
[2022-05-01T19:29:47.534Z][INFO]: All classes found using provided glob pattern "./src/shared/infra/typeorm/migrations/*.ts" : "src/shared/infra/typeorm/migrations/1651430840384-CreateTableUsers.ts"
[2022-05-01T19:29:47.540Z][QUERY]: SHOW server_version;
[2022-05-01T19:31:02.483Z][QUERY]: SELECT * FROM current_schema()
[2022-05-01T19:31:02.498Z][INFO]: All classes found using provided glob pattern "./src/modules/**/infra/typeorm/entities/*.ts" : "src/modules/users/infra/typeorm/entities/User.ts"
[2022-05-01T19:31:02.505Z][INFO]: All classes found using provided glob pattern "./src/shared/infra/typeorm/migrations/*.ts" : "src/shared/infra/typeorm/migrations/1651430840384-CreateTableUsers.ts"
[2022-05-01T19:31:02.512Z][QUERY]: SHOW server_version;
[2022-05-01T19:32:41.380Z][QUERY]: SELECT * FROM current_schema()
[2022-05-01T19:32:41.395Z][INFO]: All classes found using provided glob pattern "./src/modules/**/infra/typeorm/entities/*.ts" : "src/modules/users/infra/typeorm/entities/User.ts"
[2022-05-01T19:32:41.403Z][INFO]: All classes found using provided glob pattern "./src/shared/infra/typeorm/migrations/*.ts" : "src/shared/infra/typeorm/migrations/1651430840384-CreateTableUsers.ts"
[2022-05-01T19:32:41.411Z][QUERY]: SHOW server_version;
[2022-05-01T19:33:33.965Z][QUERY]: SELECT * FROM current_schema()
[2022-05-01T19:33:33.979Z][INFO]: All classes found using provided glob pattern "./src/modules/**/infra/typeorm/entities/*.ts" : "src/modules/users/infra/typeorm/entities/User.ts"
[2022-05-01T19:33:33.987Z][INFO]: All classes found using provided glob pattern "./src/shared/infra/typeorm/migrations/*.ts" : "src/shared/infra/typeorm/migrations/1651430840384-CreateTableUsers.ts"
[2022-05-01T19:33:34.006Z][QUERY]: SHOW server_version;
[2022-05-01T19:34:35.717Z][QUERY]: SELECT * FROM current_schema()
[2022-05-01T19:34:37.667Z][QUERY]: SHOW server_version;
[2022-05-01T19:34:37.670Z][QUERY]: SELECT * FROM "information_schema"."tables" WHERE "table_schema" = 'public' AND "table_name" = 'migrations'
[2022-05-01T19:34:37.676Z][QUERY]: SELECT * FROM "migrations" "migrations" ORDER BY "id" DESC
[2022-05-01T19:34:37.679Z]1 migrations are already loaded in the database.
[2022-05-01T19:34:37.685Z]CreateTableUsers1651430840384 is the last executed migration. It was executed on Sun May 01 2022 15:47:20 GMT-0300 (Horário Padrão de Brasília).
[2022-05-01T19:34:37.685Z]Now reverting it...
[2022-05-01T19:34:37.686Z][QUERY]: START TRANSACTION
[2022-05-01T19:34:37.689Z][QUERY]: SELECT * FROM current_schema()
[2022-05-01T19:34:37.691Z][QUERY]: SELECT * FROM current_database()
[2022-05-01T19:34:37.693Z][QUERY]: SELECT "table_schema", "table_name" FROM "information_schema"."tables" WHERE ("table_schema" = 'public' AND "table_name" = 'Users')
[2022-05-01T19:34:37.695Z][QUERY]: SELECT TRUE FROM information_schema.columns WHERE table_name = 'pg_class' and column_name = 'relispartition'
[2022-05-01T19:34:37.711Z][QUERY]: SELECT columns.*, pg_catalog.col_description(('"' || table_catalog || '"."' || table_schema || '"."' || table_name || '"')::regclass::oid, ordinal_position) AS description, ('"' || "udt_schema" || '"."' || "udt_name" || '"')::"regtype" AS "regtype", pg_catalog.format_type("col_attr"."atttypid", "col_attr"."atttypmod") AS "format_type" FROM "information_schema"."columns" LEFT JOIN "pg_catalog"."pg_attribute" AS "col_attr" ON "col_attr"."attname" = "columns"."column_name" AND "col_attr"."attrelid" = ( SELECT "cls"."oid" FROM "pg_catalog"."pg_class" AS "cls" LEFT JOIN "pg_catalog"."pg_namespace" AS "ns" ON "ns"."oid" = "cls"."relnamespace" WHERE "cls"."relname" = "columns"."table_name" AND "ns"."nspname" = "columns"."table_schema" ) WHERE ("table_schema" = 'public' AND "table_name" = 'Users')
[2022-05-01T19:34:37.712Z][QUERY]: SELECT "ns"."nspname" AS "table_schema", "t"."relname" AS "table_name", "cnst"."conname" AS "constraint_name", pg_get_constraintdef("cnst"."oid") AS "expression", CASE "cnst"."contype" WHEN 'p' THEN 'PRIMARY' WHEN 'u' THEN 'UNIQUE' WHEN 'c' THEN 'CHECK' WHEN 'x' THEN 'EXCLUDE' END AS "constraint_type", "a"."attname" AS "column_name" FROM "pg_constraint" "cnst" INNER JOIN "pg_class" "t" ON "t"."oid" = "cnst"."conrelid" INNER JOIN "pg_namespace" "ns" ON "ns"."oid" = "cnst"."connamespace" LEFT JOIN "pg_attribute" "a" ON "a"."attrelid" = "cnst"."conrelid" AND "a"."attnum" = ANY ("cnst"."conkey") WHERE "t"."relkind" IN ('r', 'p') AND (("ns"."nspname" = 'public' AND "t"."relname" = 'Users'))
[2022-05-01T19:34:37.712Z][QUERY]: SELECT "ns"."nspname" AS "table_schema", "t"."relname" AS "table_name", "i"."relname" AS "constraint_name", "a"."attname" AS "column_name", CASE "ix"."indisunique" WHEN 't' THEN 'TRUE' ELSE'FALSE' END AS "is_unique", pg_get_expr("ix"."indpred", "ix"."indrelid") AS "condition", "types"."typname" AS "type_name" FROM "pg_class" "t" INNER JOIN "pg_index" "ix" ON "ix"."indrelid" = "t"."oid" INNER JOIN "pg_attribute" "a" ON "a"."attrelid" = "t"."oid"  AND "a"."attnum" = ANY ("ix"."indkey") INNER JOIN "pg_namespace" "ns" ON "ns"."oid" = "t"."relnamespace" INNER JOIN "pg_class" "i" ON "i"."oid" = "ix"."indexrelid" INNER JOIN "pg_type" "types" ON "types"."oid" = "a"."atttypid" LEFT JOIN "pg_constraint" "cnst" ON "cnst"."conname" = "i"."relname" WHERE "t"."relkind" IN ('r', 'p') AND "cnst"."contype" IS NULL AND (("ns"."nspname" = 'public' AND "t"."relname" = 'Users'))
[2022-05-01T19:34:37.713Z][QUERY]: SELECT "con"."conname" AS "constraint_name", "con"."nspname" AS "table_schema", "con"."relname" AS "table_name", "att2"."attname" AS "column_name", "ns"."nspname" AS "referenced_table_schema", "cl"."relname" AS "referenced_table_name", "att"."attname" AS "referenced_column_name", "con"."confdeltype" AS "on_delete", "con"."confupdtype" AS "on_update", "con"."condeferrable" AS "deferrable", "con"."condeferred" AS "deferred" FROM ( SELECT UNNEST ("con1"."conkey") AS "parent", UNNEST ("con1"."confkey") AS "child", "con1"."confrelid", "con1"."conrelid", "con1"."conname", "con1"."contype", "ns"."nspname", "cl"."relname", "con1"."condeferrable", CASE WHEN "con1"."condeferred" THEN 'INITIALLY DEFERRED' ELSE 'INITIALLY IMMEDIATE' END as condeferred, CASE "con1"."confdeltype" WHEN 'a' THEN 'NO ACTION' WHEN 'r' THEN 'RESTRICT' WHEN 'c' THEN 'CASCADE' WHEN 'n' THEN 'SET NULL' WHEN 'd' THEN 'SET DEFAULT' END as "confdeltype", CASE "con1"."confupdtype" WHEN 'a' THEN 'NO ACTION' WHEN 'r' THEN 'RESTRICT' WHEN 'c' THEN 'CASCADE' WHEN 'n' THEN 'SET NULL' WHEN 'd' THEN 'SET DEFAULT' END as "confupdtype" FROM "pg_class" "cl" INNER JOIN "pg_namespace" "ns" ON "cl"."relnamespace" = "ns"."oid" INNER JOIN "pg_constraint" "con1" ON "con1"."conrelid" = "cl"."oid" WHERE "con1"."contype" = 'f' AND (("ns"."nspname" = 'public' AND "cl"."relname" = 'Users')) ) "con" INNER JOIN "pg_attribute" "att" ON "att"."attrelid" = "con"."confrelid" AND "att"."attnum" = "con"."child" INNER JOIN "pg_class" "cl" ON "cl"."oid" = "con"."confrelid"  AND "cl"."relispartition" = 'f'INNER JOIN "pg_namespace" "ns" ON "cl"."relnamespace" = "ns"."oid" INNER JOIN "pg_attribute" "att2" ON "att2"."attrelid" = "con"."conrelid" AND "att2"."attnum" = "con"."parent"
[2022-05-01T19:34:37.732Z][QUERY]: DROP TABLE "Users"
[2022-05-01T19:34:37.738Z][QUERY]: DELETE FROM "migrations" WHERE "timestamp" = $1 AND "name" = $2 -- PARAMETERS: [1651430840384,"CreateTableUsers1651430840384"]
[2022-05-01T19:34:37.789Z]Migration CreateTableUsers1651430840384 has been reverted successfully.
[2022-05-01T19:34:37.789Z][QUERY]: COMMIT
[2022-05-01T19:34:57.493Z][QUERY]: SELECT * FROM current_schema()
[2022-05-01T19:34:59.448Z][QUERY]: SHOW server_version;
[2022-05-01T19:34:59.451Z][QUERY]: SELECT * FROM "information_schema"."tables" WHERE "table_schema" = 'public' AND "table_name" = 'migrations'
[2022-05-01T19:34:59.455Z][QUERY]: SELECT * FROM "information_schema"."tables" WHERE "table_schema" = 'public' AND "table_name" = 'typeorm_metadata'
[2022-05-01T19:34:59.460Z][QUERY]: SELECT * FROM "migrations" "migrations" ORDER BY "id" DESC
[2022-05-01T19:34:59.462Z]0 migrations are already loaded in the database.
[2022-05-01T19:34:59.463Z]1 migrations were found in the source code.
[2022-05-01T19:34:59.463Z]1 migrations are new migrations that needs to be executed.
[2022-05-01T19:34:59.464Z][QUERY]: START TRANSACTION
[2022-05-01T19:34:59.467Z][QUERY]: CREATE TABLE "Users" ("username" varchar(50) NOT NULL, "password" varchar(1000) NOT NULL, "name" varchar(100) NOT NULL, "status" numeric NOT NULL, "createdAt" timestamp NOT NULL DEFAULT now(), "createdBy" varchar(100) NOT NULL, "updatedAt" timestamp NOT NULL, "updatedBy" varchar(100) NOT NULL, "version" numeric NOT NULL, CONSTRAINT "PK_ffc81a3b97dcbf8e320d5106c0d" PRIMARY KEY ("username"))
[2022-05-01T19:34:59.484Z][QUERY]: INSERT INTO "migrations"("timestamp", "name") VALUES ($1, $2) -- PARAMETERS: [1651430840384,"CreateTableUsers1651430840384"]
[2022-05-01T19:34:59.533Z]Migration CreateTableUsers1651430840384 has been executed successfully.
[2022-05-01T19:34:59.536Z][QUERY]: COMMIT
[2022-05-01T19:35:04.437Z][QUERY]: START TRANSACTION
[2022-05-01T19:35:04.444Z][QUERY]: INSERT INTO "Users"("createdAt", "createdBy", "updatedAt", "updatedBy", "version", "username", "password", "name", "status") VALUES (DEFAULT, $1, DEFAULT, $2, 1, DEFAULT, DEFAULT, DEFAULT, DEFAULT) RETURNING "createdAt", "updatedAt", "version" -- PARAMETERS: ["Admin","Admin"]
[2022-05-01T19:35:04.447Z][FAILED QUERY]: INSERT INTO "Users"("createdAt", "createdBy", "updatedAt", "updatedBy", "version", "username", "password", "name", "status") VALUES (DEFAULT, $1, DEFAULT, $2, 1, DEFAULT, DEFAULT, DEFAULT, DEFAULT) RETURNING "createdAt", "updatedAt", "version" -- PARAMETERS: ["Admin","Admin"]
[2022-05-01T19:35:04.447Z][QUERY ERROR]: error: null value in column "username" of relation "Users" violates not-null constraint
[2022-05-01T19:35:04.448Z][QUERY]: ROLLBACK
[2022-05-01T19:39:42.589Z][QUERY]: SELECT "User"."createdAt" AS "User_createdAt", "User"."createdBy" AS "User_createdBy", "User"."updatedAt" AS "User_updatedAt", "User"."updatedBy" AS "User_updatedBy", "User"."version" AS "User_version", "User"."username" AS "User_username", "User"."password" AS "User_password", "User"."name" AS "User_name", "User"."status" AS "User_status" FROM "Users" "User" WHERE "User"."username" IN ($1) -- PARAMETERS: ["fulano"]
[2022-05-01T19:39:42.592Z][QUERY]: START TRANSACTION
[2022-05-01T19:39:42.594Z][QUERY]: INSERT INTO "Users"("createdAt", "createdBy", "updatedAt", "updatedBy", "version", "username", "password", "name", "status") VALUES (DEFAULT, $1, DEFAULT, $2, 1, $3, $4, $5, $6) RETURNING "createdAt", "updatedAt", "version" -- PARAMETERS: ["Admin","Admin","fulano","123","fufu",1]
[2022-05-01T19:39:42.597Z][FAILED QUERY]: INSERT INTO "Users"("createdAt", "createdBy", "updatedAt", "updatedBy", "version", "username", "password", "name", "status") VALUES (DEFAULT, $1, DEFAULT, $2, 1, $3, $4, $5, $6) RETURNING "createdAt", "updatedAt", "version" -- PARAMETERS: ["Admin","Admin","fulano","123","fufu",1]
[2022-05-01T19:39:42.597Z][QUERY ERROR]: error: null value in column "updatedAt" of relation "Users" violates not-null constraint
[2022-05-01T19:39:42.598Z][QUERY]: ROLLBACK
[2022-05-01T19:40:18.110Z][QUERY]: SELECT * FROM current_schema()
[2022-05-01T19:40:18.126Z][INFO]: All classes found using provided glob pattern "./src/modules/**/infra/typeorm/entities/*.ts" : "src/modules/users/infra/typeorm/entities/User.ts"
[2022-05-01T19:40:18.135Z][INFO]: All classes found using provided glob pattern "./src/shared/infra/typeorm/migrations/*.ts" : "src/shared/infra/typeorm/migrations/1651430840384-CreateTableUsers.ts"
[2022-05-01T19:40:18.143Z][QUERY]: SHOW server_version;
[2022-05-01T19:40:28.511Z][QUERY]: SELECT * FROM current_schema()
[2022-05-01T19:40:30.477Z][QUERY]: SHOW server_version;
[2022-05-01T19:40:30.480Z][QUERY]: SELECT * FROM "information_schema"."tables" WHERE "table_schema" = 'public' AND "table_name" = 'migrations'
[2022-05-01T19:40:30.486Z][QUERY]: SELECT * FROM "migrations" "migrations" ORDER BY "id" DESC
[2022-05-01T19:40:30.489Z]1 migrations are already loaded in the database.
[2022-05-01T19:40:30.490Z]CreateTableUsers1651430840384 is the last executed migration. It was executed on Sun May 01 2022 15:47:20 GMT-0300 (Horário Padrão de Brasília).
[2022-05-01T19:40:30.490Z]Now reverting it...
[2022-05-01T19:40:30.491Z][QUERY]: START TRANSACTION
[2022-05-01T19:40:30.493Z][QUERY]: SELECT * FROM current_schema()
[2022-05-01T19:40:30.495Z][QUERY]: SELECT * FROM current_database()
[2022-05-01T19:40:30.497Z][QUERY]: SELECT "table_schema", "table_name" FROM "information_schema"."tables" WHERE ("table_schema" = 'public' AND "table_name" = 'Users')
[2022-05-01T19:40:30.499Z][QUERY]: SELECT TRUE FROM information_schema.columns WHERE table_name = 'pg_class' and column_name = 'relispartition'
[2022-05-01T19:40:30.504Z][QUERY]: SELECT columns.*, pg_catalog.col_description(('"' || table_catalog || '"."' || table_schema || '"."' || table_name || '"')::regclass::oid, ordinal_position) AS description, ('"' || "udt_schema" || '"."' || "udt_name" || '"')::"regtype" AS "regtype", pg_catalog.format_type("col_attr"."atttypid", "col_attr"."atttypmod") AS "format_type" FROM "information_schema"."columns" LEFT JOIN "pg_catalog"."pg_attribute" AS "col_attr" ON "col_attr"."attname" = "columns"."column_name" AND "col_attr"."attrelid" = ( SELECT "cls"."oid" FROM "pg_catalog"."pg_class" AS "cls" LEFT JOIN "pg_catalog"."pg_namespace" AS "ns" ON "ns"."oid" = "cls"."relnamespace" WHERE "cls"."relname" = "columns"."table_name" AND "ns"."nspname" = "columns"."table_schema" ) WHERE ("table_schema" = 'public' AND "table_name" = 'Users')
[2022-05-01T19:40:30.505Z][QUERY]: SELECT "ns"."nspname" AS "table_schema", "t"."relname" AS "table_name", "cnst"."conname" AS "constraint_name", pg_get_constraintdef("cnst"."oid") AS "expression", CASE "cnst"."contype" WHEN 'p' THEN 'PRIMARY' WHEN 'u' THEN 'UNIQUE' WHEN 'c' THEN 'CHECK' WHEN 'x' THEN 'EXCLUDE' END AS "constraint_type", "a"."attname" AS "column_name" FROM "pg_constraint" "cnst" INNER JOIN "pg_class" "t" ON "t"."oid" = "cnst"."conrelid" INNER JOIN "pg_namespace" "ns" ON "ns"."oid" = "cnst"."connamespace" LEFT JOIN "pg_attribute" "a" ON "a"."attrelid" = "cnst"."conrelid" AND "a"."attnum" = ANY ("cnst"."conkey") WHERE "t"."relkind" IN ('r', 'p') AND (("ns"."nspname" = 'public' AND "t"."relname" = 'Users'))
[2022-05-01T19:40:30.505Z][QUERY]: SELECT "ns"."nspname" AS "table_schema", "t"."relname" AS "table_name", "i"."relname" AS "constraint_name", "a"."attname" AS "column_name", CASE "ix"."indisunique" WHEN 't' THEN 'TRUE' ELSE'FALSE' END AS "is_unique", pg_get_expr("ix"."indpred", "ix"."indrelid") AS "condition", "types"."typname" AS "type_name" FROM "pg_class" "t" INNER JOIN "pg_index" "ix" ON "ix"."indrelid" = "t"."oid" INNER JOIN "pg_attribute" "a" ON "a"."attrelid" = "t"."oid"  AND "a"."attnum" = ANY ("ix"."indkey") INNER JOIN "pg_namespace" "ns" ON "ns"."oid" = "t"."relnamespace" INNER JOIN "pg_class" "i" ON "i"."oid" = "ix"."indexrelid" INNER JOIN "pg_type" "types" ON "types"."oid" = "a"."atttypid" LEFT JOIN "pg_constraint" "cnst" ON "cnst"."conname" = "i"."relname" WHERE "t"."relkind" IN ('r', 'p') AND "cnst"."contype" IS NULL AND (("ns"."nspname" = 'public' AND "t"."relname" = 'Users'))
[2022-05-01T19:40:30.505Z][QUERY]: SELECT "con"."conname" AS "constraint_name", "con"."nspname" AS "table_schema", "con"."relname" AS "table_name", "att2"."attname" AS "column_name", "ns"."nspname" AS "referenced_table_schema", "cl"."relname" AS "referenced_table_name", "att"."attname" AS "referenced_column_name", "con"."confdeltype" AS "on_delete", "con"."confupdtype" AS "on_update", "con"."condeferrable" AS "deferrable", "con"."condeferred" AS "deferred" FROM ( SELECT UNNEST ("con1"."conkey") AS "parent", UNNEST ("con1"."confkey") AS "child", "con1"."confrelid", "con1"."conrelid", "con1"."conname", "con1"."contype", "ns"."nspname", "cl"."relname", "con1"."condeferrable", CASE WHEN "con1"."condeferred" THEN 'INITIALLY DEFERRED' ELSE 'INITIALLY IMMEDIATE' END as condeferred, CASE "con1"."confdeltype" WHEN 'a' THEN 'NO ACTION' WHEN 'r' THEN 'RESTRICT' WHEN 'c' THEN 'CASCADE' WHEN 'n' THEN 'SET NULL' WHEN 'd' THEN 'SET DEFAULT' END as "confdeltype", CASE "con1"."confupdtype" WHEN 'a' THEN 'NO ACTION' WHEN 'r' THEN 'RESTRICT' WHEN 'c' THEN 'CASCADE' WHEN 'n' THEN 'SET NULL' WHEN 'd' THEN 'SET DEFAULT' END as "confupdtype" FROM "pg_class" "cl" INNER JOIN "pg_namespace" "ns" ON "cl"."relnamespace" = "ns"."oid" INNER JOIN "pg_constraint" "con1" ON "con1"."conrelid" = "cl"."oid" WHERE "con1"."contype" = 'f' AND (("ns"."nspname" = 'public' AND "cl"."relname" = 'Users')) ) "con" INNER JOIN "pg_attribute" "att" ON "att"."attrelid" = "con"."confrelid" AND "att"."attnum" = "con"."child" INNER JOIN "pg_class" "cl" ON "cl"."oid" = "con"."confrelid"  AND "cl"."relispartition" = 'f'INNER JOIN "pg_namespace" "ns" ON "cl"."relnamespace" = "ns"."oid" INNER JOIN "pg_attribute" "att2" ON "att2"."attrelid" = "con"."conrelid" AND "att2"."attnum" = "con"."parent"
[2022-05-01T19:40:30.521Z][QUERY]: DROP TABLE "Users"
[2022-05-01T19:40:30.529Z][QUERY]: DELETE FROM "migrations" WHERE "timestamp" = $1 AND "name" = $2 -- PARAMETERS: [1651430840384,"CreateTableUsers1651430840384"]
[2022-05-01T19:40:30.583Z]Migration CreateTableUsers1651430840384 has been reverted successfully.
[2022-05-01T19:40:30.585Z][QUERY]: COMMIT
[2022-05-01T19:40:37.680Z][QUERY]: SELECT * FROM current_schema()
[2022-05-01T19:40:39.757Z][QUERY]: SHOW server_version;
[2022-05-01T19:40:39.761Z][QUERY]: SELECT * FROM "information_schema"."tables" WHERE "table_schema" = 'public' AND "table_name" = 'migrations'
[2022-05-01T19:40:39.766Z][QUERY]: SELECT * FROM "information_schema"."tables" WHERE "table_schema" = 'public' AND "table_name" = 'typeorm_metadata'
[2022-05-01T19:40:39.770Z][QUERY]: SELECT * FROM "migrations" "migrations" ORDER BY "id" DESC
[2022-05-01T19:40:39.772Z]0 migrations are already loaded in the database.
[2022-05-01T19:40:39.773Z]1 migrations were found in the source code.
[2022-05-01T19:40:39.773Z]1 migrations are new migrations that needs to be executed.
[2022-05-01T19:40:39.774Z][QUERY]: START TRANSACTION
[2022-05-01T19:40:39.777Z][QUERY]: CREATE TABLE "Users" ("username" varchar(50) NOT NULL, "password" varchar(1000) NOT NULL, "name" varchar(100) NOT NULL, "status" numeric NOT NULL, "createdAt" timestamp NOT NULL DEFAULT now(), "createdBy" varchar(100) NOT NULL, "updatedAt" timestamp NOT NULL DEFAULT now(), "updatedBy" varchar(100) NOT NULL, "version" numeric NOT NULL, CONSTRAINT "PK_ffc81a3b97dcbf8e320d5106c0d" PRIMARY KEY ("username"))
[2022-05-01T19:40:39.792Z][QUERY]: INSERT INTO "migrations"("timestamp", "name") VALUES ($1, $2) -- PARAMETERS: [1651430840384,"CreateTableUsers1651430840384"]
[2022-05-01T19:40:39.838Z]Migration CreateTableUsers1651430840384 has been executed successfully.
[2022-05-01T19:40:39.839Z][QUERY]: COMMIT
[2022-05-01T19:40:44.222Z][QUERY]: SELECT "User"."createdAt" AS "User_createdAt", "User"."createdBy" AS "User_createdBy", "User"."updatedAt" AS "User_updatedAt", "User"."updatedBy" AS "User_updatedBy", "User"."version" AS "User_version", "User"."username" AS "User_username", "User"."password" AS "User_password", "User"."name" AS "User_name", "User"."status" AS "User_status" FROM "Users" "User" WHERE "User"."username" IN ($1) -- PARAMETERS: ["fulano"]
[2022-05-01T19:40:44.227Z][QUERY]: START TRANSACTION
[2022-05-01T19:40:44.232Z][QUERY]: INSERT INTO "Users"("createdAt", "createdBy", "updatedAt", "updatedBy", "version", "username", "password", "name", "status") VALUES (DEFAULT, $1, DEFAULT, $2, 1, $3, $4, $5, $6) RETURNING "createdAt", "updatedAt", "version" -- PARAMETERS: ["Admin","Admin","fulano","123","fufu",1]
[2022-05-01T19:40:44.282Z][QUERY]: COMMIT
[2022-05-01T19:47:40.764Z][QUERY]: SELECT * FROM current_schema()
[2022-05-01T19:47:40.783Z][INFO]: All classes found using provided glob pattern "./src/modules/**/infra/typeorm/entities/*.ts" : "src/modules/users/infra/typeorm/entities/User.ts"
[2022-05-01T19:47:40.791Z][INFO]: All classes found using provided glob pattern "./src/shared/infra/typeorm/migrations/*.ts" : "src/shared/infra/typeorm/migrations/1651430840384-CreateTableUsers.ts"
[2022-05-01T19:47:40.797Z][QUERY]: SHOW server_version;
[2022-05-01T20:01:48.111Z][QUERY]: SELECT * FROM current_schema()
[2022-05-01T20:01:48.129Z][INFO]: All classes found using provided glob pattern "./src/modules/**/infra/typeorm/entities/*.ts" : "src/modules/users/infra/typeorm/entities/User.ts"
[2022-05-01T20:01:48.138Z][INFO]: All classes found using provided glob pattern "./src/shared/infra/typeorm/migrations/*.ts" : "src/shared/infra/typeorm/migrations/1651430840384-CreateTableUsers.ts"
[2022-05-01T20:01:48.146Z][QUERY]: SHOW server_version;
[2022-05-01T20:02:02.199Z][QUERY]: SELECT "User"."createdAt" AS "User_createdAt", "User"."createdBy" AS "User_createdBy", "User"."updatedAt" AS "User_updatedAt", "User"."updatedBy" AS "User_updatedBy", "User"."version" AS "User_version", "User"."username" AS "User_username", "User"."password" AS "User_password", "User"."name" AS "User_name", "User"."status" AS "User_status" FROM "Users" "User"
[2022-05-01T20:02:36.181Z][QUERY]: SELECT "User"."createdAt" AS "User_createdAt", "User"."createdBy" AS "User_createdBy", "User"."updatedAt" AS "User_updatedAt", "User"."updatedBy" AS "User_updatedBy", "User"."version" AS "User_version", "User"."username" AS "User_username", "User"."password" AS "User_password", "User"."name" AS "User_name", "User"."status" AS "User_status" FROM "Users" "User" WHERE "User"."username" IN ($1) -- PARAMETERS: ["ciclano"]
[2022-05-01T20:02:36.185Z][QUERY]: START TRANSACTION
[2022-05-01T20:02:36.191Z][QUERY]: INSERT INTO "Users"("createdAt", "createdBy", "updatedAt", "updatedBy", "version", "username", "password", "name", "status") VALUES (DEFAULT, $1, DEFAULT, $2, 1, $3, $4, $5, $6) RETURNING "createdAt", "updatedAt", "version" -- PARAMETERS: ["Admin","Admin","ciclano","444","cici",2]
[2022-05-01T20:02:36.195Z][QUERY]: COMMIT
[2022-05-01T20:02:38.502Z][QUERY]: SELECT "User"."createdAt" AS "User_createdAt", "User"."createdBy" AS "User_createdBy", "User"."updatedAt" AS "User_updatedAt", "User"."updatedBy" AS "User_updatedBy", "User"."version" AS "User_version", "User"."username" AS "User_username", "User"."password" AS "User_password", "User"."name" AS "User_name", "User"."status" AS "User_status" FROM "Users" "User"
[2022-05-01T20:25:32.543Z][QUERY]: SELECT "User"."createdAt" AS "User_createdAt", "User"."createdBy" AS "User_createdBy", "User"."updatedAt" AS "User_updatedAt", "User"."updatedBy" AS "User_updatedBy", "User"."version" AS "User_version", "User"."username" AS "User_username", "User"."password" AS "User_password", "User"."name" AS "User_name", "User"."status" AS "User_status" FROM "Users" "User"
[2022-05-03T23:55:43.456Z][QUERY]: SELECT * FROM current_schema()
[2022-05-03T23:55:45.582Z][QUERY]: SHOW server_version;
[2022-05-03T23:55:45.585Z][QUERY]: SELECT * FROM "information_schema"."tables" WHERE "table_schema" = 'public' AND "table_name" = 'migrations'
[2022-05-03T23:55:45.590Z][QUERY]: CREATE TABLE "migrations" ("id" SERIAL NOT NULL, "timestamp" bigint NOT NULL, "name" character varying NOT NULL, CONSTRAINT "PK_8c82d7f526340ab734260ea46be" PRIMARY KEY ("id"))
[2022-05-03T23:55:45.614Z][QUERY]: SELECT * FROM "information_schema"."tables" WHERE "table_schema" = 'public' AND "table_name" = 'typeorm_metadata'
[2022-05-03T23:55:45.617Z][QUERY]: CREATE TABLE "typeorm_metadata" ("type" character varying NOT NULL, "database" character varying, "schema" character varying, "table" character varying, "name" character varying, "value" text)
[2022-05-03T23:55:45.631Z][QUERY]: SELECT * FROM "migrations" "migrations" ORDER BY "id" DESC
[2022-05-03T23:55:45.633Z]0 migrations are already loaded in the database.
[2022-05-03T23:55:45.634Z]1 migrations were found in the source code.
[2022-05-03T23:55:45.635Z]1 migrations are new migrations that needs to be executed.
[2022-05-03T23:55:45.636Z][QUERY]: START TRANSACTION
[2022-05-03T23:55:45.638Z][QUERY]: CREATE TABLE "Users" ("username" varchar(50) NOT NULL, "password" varchar(1000) NOT NULL, "name" varchar(100) NOT NULL, "status" numeric NOT NULL, "createdAt" timestamp NOT NULL DEFAULT now(), "createdBy" varchar(100) NOT NULL, "updatedAt" timestamp NOT NULL DEFAULT now(), "updatedBy" varchar(100) NOT NULL, "version" numeric NOT NULL, CONSTRAINT "PK_ffc81a3b97dcbf8e320d5106c0d" PRIMARY KEY ("username"))
[2022-05-03T23:55:45.655Z][QUERY]: INSERT INTO "migrations"("timestamp", "name") VALUES ($1, $2) -- PARAMETERS: [1651430840384,"CreateTableUsers1651430840384"]
[2022-05-03T23:55:45.710Z]Migration CreateTableUsers1651430840384 has been executed successfully.
[2022-05-03T23:55:45.714Z][QUERY]: COMMIT
[2022-05-04T23:24:04.089Z][QUERY]: SELECT * FROM current_schema()
[2022-05-04T23:24:06.475Z][QUERY]: SHOW server_version;
[2022-05-04T23:24:06.478Z][QUERY]: SELECT * FROM "information_schema"."tables" WHERE "table_schema" = 'public' AND "table_name" = 'migrations'
[2022-05-04T23:24:06.497Z][QUERY]: SELECT * FROM "information_schema"."tables" WHERE "table_schema" = 'public' AND "table_name" = 'typeorm_metadata'
[2022-05-04T23:24:06.504Z][QUERY]: SELECT * FROM "migrations" "migrations" ORDER BY "id" DESC
[2022-05-04T23:24:06.515Z]1 migrations are already loaded in the database.
[2022-05-04T23:24:06.516Z]3 migrations were found in the source code.
[2022-05-04T23:24:06.519Z]CreateTableUsers1651430840384 is the last executed migration. It was executed on Sun May 01 2022 15:47:20 GMT-0300 (Horário Padrão de Brasília).
[2022-05-04T23:24:06.519Z]2 migrations are new migrations that needs to be executed.
[2022-05-04T23:24:06.521Z][QUERY]: START TRANSACTION
[2022-05-04T23:24:06.525Z][QUERY]: CREATE TABLE "Cargos" ("id" numeric NOT NULL, "name" varchar(4000) NOT NULL, "status" numeric NOT NULL, "createdAt" timestamp NOT NULL DEFAULT now(), "createdBy" varchar(100) NOT NULL, "updatedAt" timestamp NOT NULL DEFAULT now(), "updatedBy" varchar(100) NOT NULL, "version" numeric NOT NULL, CONSTRAINT "PK_fcf9720267f77f85746ff63111e" PRIMARY KEY ("id"))
[2022-05-04T23:24:06.608Z][QUERY]: INSERT INTO "migrations"("timestamp", "name") VALUES ($1, $2) -- PARAMETERS: [1651705270908,"CreateTableCargos1651705270908"]
[2022-05-04T23:24:06.612Z]Migration CreateTableCargos1651705270908 has been executed successfully.
[2022-05-04T23:24:06.613Z][QUERY]: CREATE TABLE "Formacao" ("id" numeric NOT NULL, "colaboradorId" numeric NOT NULL, "curso" varchar(4000) NOT NULL, "situacao" numeric NOT NULL, "dataConclusao" date NOT NULL, "createdAt" timestamp NOT NULL DEFAULT now(), "createdBy" varchar(100) NOT NULL, "updatedAt" timestamp NOT NULL DEFAULT now(), "updatedBy" varchar(100) NOT NULL, "version" numeric NOT NULL, CONSTRAINT "PK_ffbdb7c7426b0ac941a8629a7f6" PRIMARY KEY ("id"))
[2022-05-04T23:24:06.623Z][QUERY]: INSERT INTO "migrations"("timestamp", "name") VALUES ($1, $2) -- PARAMETERS: [1651705975087,"CreateTableFormacao1651705975087"]
[2022-05-04T23:24:06.625Z]Migration CreateTableFormacao1651705975087 has been executed successfully.
[2022-05-04T23:24:06.625Z][QUERY]: COMMIT
[2022-05-05T00:00:21.009Z][QUERY]: SELECT * FROM current_schema()
[2022-05-05T00:00:23.242Z][QUERY]: SHOW server_version;
[2022-05-05T00:00:23.245Z][QUERY]: SELECT * FROM "information_schema"."tables" WHERE "table_schema" = 'public' AND "table_name" = 'migrations'
[2022-05-05T00:00:23.253Z][QUERY]: SELECT * FROM "information_schema"."tables" WHERE "table_schema" = 'public' AND "table_name" = 'typeorm_metadata'
[2022-05-05T00:00:23.259Z][QUERY]: SELECT * FROM "migrations" "migrations" ORDER BY "id" DESC
[2022-05-05T00:00:23.262Z]3 migrations are already loaded in the database.
[2022-05-05T00:00:23.263Z]4 migrations were found in the source code.
[2022-05-05T00:00:23.264Z]CreateTableFormacao1651705975087 is the last executed migration. It was executed on Wed May 04 2022 20:12:55 GMT-0300 (Horário Padrão de Brasília).
[2022-05-05T00:00:23.264Z]1 migrations are new migrations that needs to be executed.
[2022-05-05T00:00:23.265Z][QUERY]: START TRANSACTION
[2022-05-05T00:00:23.269Z][QUERY]: CREATE TABLE "aluno" ("id" numeric NOT NULL, "name" varchar(4000) NOT NULL, "nascimento" date NOT NULL, CONSTRAINT "PK_9611d4cf7a77574063439cf46b2" PRIMARY KEY ("id"))
[2022-05-05T00:00:23.288Z][QUERY]: INSERT INTO "migrations"("timestamp", "name") VALUES ($1, $2) -- PARAMETERS: [1651708008917,"CreateTableAluno1651708008917"]
[2022-05-05T00:00:23.347Z]Migration CreateTableAluno1651708008917 has been executed successfully.
[2022-05-05T00:00:23.348Z][QUERY]: COMMIT
[2022-05-05T00:01:22.339Z][QUERY]: SELECT * FROM current_schema()
[2022-05-05T00:01:24.503Z][QUERY]: SHOW server_version;
[2022-05-05T00:01:24.506Z][QUERY]: SELECT * FROM "information_schema"."tables" WHERE "table_schema" = 'public' AND "table_name" = 'migrations'
[2022-05-05T00:01:24.511Z][QUERY]: SELECT * FROM "migrations" "migrations" ORDER BY "id" DESC
[2022-05-05T00:01:24.514Z]4 migrations are already loaded in the database.
[2022-05-05T00:01:24.515Z]CreateTableAluno1651708008917 is the last executed migration. It was executed on Wed May 04 2022 20:46:48 GMT-0300 (Horário Padrão de Brasília).
[2022-05-05T00:01:24.515Z]Now reverting it...
[2022-05-05T00:01:24.516Z][QUERY]: START TRANSACTION
[2022-05-05T00:01:24.518Z][QUERY]: SELECT * FROM current_schema()
[2022-05-05T00:01:24.519Z][QUERY]: SELECT * FROM current_database()
[2022-05-05T00:01:24.521Z][QUERY]: SELECT "table_schema", "table_name" FROM "information_schema"."tables" WHERE ("table_schema" = 'public' AND "table_name" = 'Aluno')
[2022-05-05T00:01:24.523Z][QUERY]: ROLLBACK
[2022-05-05T00:02:47.084Z][QUERY]: SELECT * FROM current_schema()
[2022-05-05T00:02:49.286Z][QUERY]: SHOW server_version;
[2022-05-05T00:02:49.289Z][QUERY]: SELECT * FROM "information_schema"."tables" WHERE "table_schema" = 'public' AND "table_name" = 'migrations'
[2022-05-05T00:02:49.294Z][QUERY]: SELECT * FROM "migrations" "migrations" ORDER BY "id" DESC
[2022-05-05T00:02:49.297Z]4 migrations are already loaded in the database.
[2022-05-05T00:02:49.298Z]CreateTableAluno1651708008917 is the last executed migration. It was executed on Wed May 04 2022 20:46:48 GMT-0300 (Horário Padrão de Brasília).
[2022-05-05T00:02:49.298Z]Now reverting it...
[2022-05-05T00:02:49.299Z][QUERY]: START TRANSACTION
[2022-05-05T00:02:49.301Z][QUERY]: SELECT * FROM current_schema()
[2022-05-05T00:02:49.303Z][QUERY]: SELECT * FROM current_database()
[2022-05-05T00:02:49.304Z][QUERY]: SELECT "table_schema", "table_name" FROM "information_schema"."tables" WHERE ("table_schema" = 'public' AND "table_name" = 'Aluno')
[2022-05-05T00:02:49.306Z][QUERY]: ROLLBACK
[2022-05-05T00:03:43.729Z][QUERY]: SELECT * FROM current_schema()
[2022-05-05T00:03:45.858Z][QUERY]: SHOW server_version;
[2022-05-05T00:03:45.861Z][QUERY]: SELECT * FROM "information_schema"."tables" WHERE "table_schema" = 'public' AND "table_name" = 'migrations'
[2022-05-05T00:03:45.868Z][QUERY]: SELECT * FROM "migrations" "migrations" ORDER BY "id" DESC
[2022-05-05T00:03:45.871Z]4 migrations are already loaded in the database.
[2022-05-05T00:03:45.872Z]CreateTableAluno1651708008917 is the last executed migration. It was executed on Wed May 04 2022 20:46:48 GMT-0300 (Horário Padrão de Brasília).
[2022-05-05T00:03:45.873Z]Now reverting it...
[2022-05-05T00:03:45.873Z][QUERY]: START TRANSACTION
[2022-05-05T00:03:45.876Z][QUERY]: SELECT * FROM current_schema()
[2022-05-05T00:03:45.878Z][QUERY]: SELECT * FROM current_database()
[2022-05-05T00:03:45.880Z][QUERY]: SELECT "table_schema", "table_name" FROM "information_schema"."tables" WHERE ("table_schema" = 'public' AND "table_name" = 'aluno')
[2022-05-05T00:03:45.882Z][QUERY]: SELECT TRUE FROM information_schema.columns WHERE table_name = 'pg_class' and column_name = 'relispartition'
[2022-05-05T00:03:45.901Z][QUERY]: SELECT columns.*, pg_catalog.col_description(('"' || table_catalog || '"."' || table_schema || '"."' || table_name || '"')::regclass::oid, ordinal_position) AS description, ('"' || "udt_schema" || '"."' || "udt_name" || '"')::"regtype" AS "regtype", pg_catalog.format_type("col_attr"."atttypid", "col_attr"."atttypmod") AS "format_type" FROM "information_schema"."columns" LEFT JOIN "pg_catalog"."pg_attribute" AS "col_attr" ON "col_attr"."attname" = "columns"."column_name" AND "col_attr"."attrelid" = ( SELECT "cls"."oid" FROM "pg_catalog"."pg_class" AS "cls" LEFT JOIN "pg_catalog"."pg_namespace" AS "ns" ON "ns"."oid" = "cls"."relnamespace" WHERE "cls"."relname" = "columns"."table_name" AND "ns"."nspname" = "columns"."table_schema" ) WHERE ("table_schema" = 'public' AND "table_name" = 'aluno')
[2022-05-05T00:03:45.902Z][QUERY]: SELECT "ns"."nspname" AS "table_schema", "t"."relname" AS "table_name", "cnst"."conname" AS "constraint_name", pg_get_constraintdef("cnst"."oid") AS "expression", CASE "cnst"."contype" WHEN 'p' THEN 'PRIMARY' WHEN 'u' THEN 'UNIQUE' WHEN 'c' THEN 'CHECK' WHEN 'x' THEN 'EXCLUDE' END AS "constraint_type", "a"."attname" AS "column_name" FROM "pg_constraint" "cnst" INNER JOIN "pg_class" "t" ON "t"."oid" = "cnst"."conrelid" INNER JOIN "pg_namespace" "ns" ON "ns"."oid" = "cnst"."connamespace" LEFT JOIN "pg_attribute" "a" ON "a"."attrelid" = "cnst"."conrelid" AND "a"."attnum" = ANY ("cnst"."conkey") WHERE "t"."relkind" IN ('r', 'p') AND (("ns"."nspname" = 'public' AND "t"."relname" = 'aluno'))
[2022-05-05T00:03:45.902Z][QUERY]: SELECT "ns"."nspname" AS "table_schema", "t"."relname" AS "table_name", "i"."relname" AS "constraint_name", "a"."attname" AS "column_name", CASE "ix"."indisunique" WHEN 't' THEN 'TRUE' ELSE'FALSE' END AS "is_unique", pg_get_expr("ix"."indpred", "ix"."indrelid") AS "condition", "types"."typname" AS "type_name" FROM "pg_class" "t" INNER JOIN "pg_index" "ix" ON "ix"."indrelid" = "t"."oid" INNER JOIN "pg_attribute" "a" ON "a"."attrelid" = "t"."oid"  AND "a"."attnum" = ANY ("ix"."indkey") INNER JOIN "pg_namespace" "ns" ON "ns"."oid" = "t"."relnamespace" INNER JOIN "pg_class" "i" ON "i"."oid" = "ix"."indexrelid" INNER JOIN "pg_type" "types" ON "types"."oid" = "a"."atttypid" LEFT JOIN "pg_constraint" "cnst" ON "cnst"."conname" = "i"."relname" WHERE "t"."relkind" IN ('r', 'p') AND "cnst"."contype" IS NULL AND (("ns"."nspname" = 'public' AND "t"."relname" = 'aluno'))
[2022-05-05T00:03:45.902Z][QUERY]: SELECT "con"."conname" AS "constraint_name", "con"."nspname" AS "table_schema", "con"."relname" AS "table_name", "att2"."attname" AS "column_name", "ns"."nspname" AS "referenced_table_schema", "cl"."relname" AS "referenced_table_name", "att"."attname" AS "referenced_column_name", "con"."confdeltype" AS "on_delete", "con"."confupdtype" AS "on_update", "con"."condeferrable" AS "deferrable", "con"."condeferred" AS "deferred" FROM ( SELECT UNNEST ("con1"."conkey") AS "parent", UNNEST ("con1"."confkey") AS "child", "con1"."confrelid", "con1"."conrelid", "con1"."conname", "con1"."contype", "ns"."nspname", "cl"."relname", "con1"."condeferrable", CASE WHEN "con1"."condeferred" THEN 'INITIALLY DEFERRED' ELSE 'INITIALLY IMMEDIATE' END as condeferred, CASE "con1"."confdeltype" WHEN 'a' THEN 'NO ACTION' WHEN 'r' THEN 'RESTRICT' WHEN 'c' THEN 'CASCADE' WHEN 'n' THEN 'SET NULL' WHEN 'd' THEN 'SET DEFAULT' END as "confdeltype", CASE "con1"."confupdtype" WHEN 'a' THEN 'NO ACTION' WHEN 'r' THEN 'RESTRICT' WHEN 'c' THEN 'CASCADE' WHEN 'n' THEN 'SET NULL' WHEN 'd' THEN 'SET DEFAULT' END as "confupdtype" FROM "pg_class" "cl" INNER JOIN "pg_namespace" "ns" ON "cl"."relnamespace" = "ns"."oid" INNER JOIN "pg_constraint" "con1" ON "con1"."conrelid" = "cl"."oid" WHERE "con1"."contype" = 'f' AND (("ns"."nspname" = 'public' AND "cl"."relname" = 'aluno')) ) "con" INNER JOIN "pg_attribute" "att" ON "att"."attrelid" = "con"."confrelid" AND "att"."attnum" = "con"."child" INNER JOIN "pg_class" "cl" ON "cl"."oid" = "con"."confrelid"  AND "cl"."relispartition" = 'f'INNER JOIN "pg_namespace" "ns" ON "cl"."relnamespace" = "ns"."oid" INNER JOIN "pg_attribute" "att2" ON "att2"."attrelid" = "con"."conrelid" AND "att2"."attnum" = "con"."parent"
[2022-05-05T00:03:45.924Z][QUERY]: DROP TABLE "aluno"
[2022-05-05T00:03:45.930Z][QUERY]: DELETE FROM "migrations" WHERE "timestamp" = $1 AND "name" = $2 -- PARAMETERS: [1651708008917,"CreateTableAluno1651708008917"]
[2022-05-05T00:03:45.979Z]Migration CreateTableAluno1651708008917 has been reverted successfully.
[2022-05-05T00:03:45.984Z][QUERY]: COMMIT
[2022-05-05T00:37:15.435Z][QUERY]: SELECT * FROM current_schema()
[2022-05-05T00:37:15.463Z][INFO]: All classes found using provided glob pattern "./src/modules/**/infra/typeorm/entities/*.ts" : "src/modules/users/infra/typeorm/entities/User.ts,src/modules/users/infra/typeorm/entities/UserToken.ts"
[2022-05-05T00:37:15.496Z][INFO]: All classes found using provided glob pattern "./src/shared/infra/typeorm/migrations/*.ts" : "src/shared/infra/typeorm/migrations/1651430840384-CreateTableUsers.ts,src/shared/infra/typeorm/migrations/1651705270908-CreateTableCargos.ts,src/shared/infra/typeorm/migrations/1651705975087-CreateTableFormacao.ts,src/shared/infra/typeorm/migrations/1651708008917-CreateTableAluno.ts"
[2022-05-05T00:37:15.603Z][QUERY]: SHOW server_version;
[2022-05-05T00:37:22.045Z][QUERY]: SELECT "User"."createdAt" AS "User_createdAt", "User"."createdBy" AS "User_createdBy", "User"."updatedAt" AS "User_updatedAt", "User"."updatedBy" AS "User_updatedBy", "User"."version" AS "User_version", "User"."username" AS "User_username", "User"."password" AS "User_password", "User"."name" AS "User_name", "User"."status" AS "User_status" FROM "Users" "User" WHERE "User"."username" IN ($1) -- PARAMETERS: ["cro"]
[2022-05-05T00:37:22.098Z][QUERY]: START TRANSACTION
[2022-05-05T00:37:22.103Z][QUERY]: INSERT INTO "Users"("createdAt", "createdBy", "updatedAt", "updatedBy", "version", "username", "password", "name", "status") VALUES (DEFAULT, $1, DEFAULT, $2, 1, $3, $4, $5, $6) RETURNING "createdAt", "updatedAt", "version" -- PARAMETERS: ["Admin","Admin","cro","123","Clodoaldo da Silva",1]
[2022-05-05T00:37:22.110Z][QUERY]: COMMIT
[2022-05-05T00:37:39.992Z][QUERY]: SELECT "User"."createdAt" AS "User_createdAt", "User"."createdBy" AS "User_createdBy", "User"."updatedAt" AS "User_updatedAt", "User"."updatedBy" AS "User_updatedBy", "User"."version" AS "User_version", "User"."username" AS "User_username", "User"."password" AS "User_password", "User"."name" AS "User_name", "User"."status" AS "User_status" FROM "Users" "User" WHERE "User"."username" IN ($1) -- PARAMETERS: ["cro"]
[2022-05-05T00:37:39.996Z][QUERY]: START TRANSACTION
[2022-05-05T00:37:40.000Z][QUERY]: UPDATE "Users" SET "status" = $1, "version" = "version" + 1, "updatedAt" = CURRENT_TIMESTAMP WHERE "username" IN ($2) RETURNING "updatedAt", "version" -- PARAMETERS: [1,"cro"]
[2022-05-05T00:37:40.003Z][QUERY]: COMMIT
[2022-05-05T00:38:06.850Z][QUERY]: SELECT "User"."createdAt" AS "User_createdAt", "User"."createdBy" AS "User_createdBy", "User"."updatedAt" AS "User_updatedAt", "User"."updatedBy" AS "User_updatedBy", "User"."version" AS "User_version", "User"."username" AS "User_username", "User"."password" AS "User_password", "User"."name" AS "User_name", "User"."status" AS "User_status" FROM "Users" "User"
[2022-05-13T01:33:56.716Z][QUERY]: SELECT * FROM current_schema()
[2022-05-13T01:33:56.763Z][INFO]: All classes found using provided glob pattern "./src/modules/**/infra/typeorm/entities/*.ts" : "src/modules/users/infra/typeorm/entities/User.ts,src/modules/users/infra/typeorm/entities/UserToken.ts"
[2022-05-13T01:33:56.796Z][INFO]: All classes found using provided glob pattern "./src/shared/infra/typeorm/migrations/*.ts" : "src/shared/infra/typeorm/migrations/1651430840384-CreateTableUsers.ts,src/shared/infra/typeorm/migrations/1651705270908-CreateTableCargos.ts,src/shared/infra/typeorm/migrations/1651705975087-CreateTableFormacao.ts,src/shared/infra/typeorm/migrations/1651708008917-CreateTableAluno.ts"
[2022-05-13T01:33:56.893Z][QUERY]: SHOW server_version;
[2022-05-13T01:34:00.309Z][QUERY]: SELECT "User"."createdAt" AS "User_createdAt", "User"."createdBy" AS "User_createdBy", "User"."updatedAt" AS "User_updatedAt", "User"."updatedBy" AS "User_updatedBy", "User"."version" AS "User_version", "User"."username" AS "User_username", "User"."password" AS "User_password", "User"."name" AS "User_name", "User"."status" AS "User_status" FROM "Users" "User" WHERE "User"."username" = $1 LIMIT 1 -- PARAMETERS: ["cro"]
[2022-05-13T01:34:19.391Z][QUERY]: SELECT "User"."createdAt" AS "User_createdAt", "User"."createdBy" AS "User_createdBy", "User"."updatedAt" AS "User_updatedAt", "User"."updatedBy" AS "User_updatedBy", "User"."version" AS "User_version", "User"."username" AS "User_username", "User"."password" AS "User_password", "User"."name" AS "User_name", "User"."status" AS "User_status" FROM "Users" "User"
[2022-05-13T01:35:45.080Z][QUERY]: SELECT * FROM current_schema()
[2022-05-13T01:35:45.111Z][INFO]: All classes found using provided glob pattern "./src/modules/**/infra/typeorm/entities/*.ts" : "src/modules/users/infra/typeorm/entities/User.ts,src/modules/users/infra/typeorm/entities/UserToken.ts"
[2022-05-13T01:35:45.129Z][INFO]: All classes found using provided glob pattern "./src/shared/infra/typeorm/migrations/*.ts" : "src/shared/infra/typeorm/migrations/1651430840384-CreateTableUsers.ts,src/shared/infra/typeorm/migrations/1651705270908-CreateTableCargos.ts,src/shared/infra/typeorm/migrations/1651705975087-CreateTableFormacao.ts,src/shared/infra/typeorm/migrations/1651708008917-CreateTableAluno.ts"
[2022-05-13T01:35:45.149Z][QUERY]: SHOW server_version;
[2022-05-13T01:36:08.719Z][QUERY]: SELECT * FROM current_schema()
[2022-05-13T01:36:08.751Z][INFO]: All classes found using provided glob pattern "./src/modules/**/infra/typeorm/entities/*.ts" : "src/modules/users/infra/typeorm/entities/User.ts,src/modules/users/infra/typeorm/entities/UserToken.ts"
[2022-05-13T01:36:08.769Z][INFO]: All classes found using provided glob pattern "./src/shared/infra/typeorm/migrations/*.ts" : "src/shared/infra/typeorm/migrations/1651430840384-CreateTableUsers.ts,src/shared/infra/typeorm/migrations/1651705270908-CreateTableCargos.ts,src/shared/infra/typeorm/migrations/1651705975087-CreateTableFormacao.ts,src/shared/infra/typeorm/migrations/1651708008917-CreateTableAluno.ts"
[2022-05-13T01:36:08.790Z][QUERY]: SHOW server_version;
[2022-05-13T01:38:42.951Z][QUERY]: SELECT * FROM current_schema()
[2022-05-13T01:38:42.982Z][INFO]: All classes found using provided glob pattern "./src/modules/**/infra/typeorm/entities/*.ts" : "src/modules/users/infra/typeorm/entities/User.ts,src/modules/users/infra/typeorm/entities/UserToken.ts"
[2022-05-13T01:38:42.998Z][INFO]: All classes found using provided glob pattern "./src/shared/infra/typeorm/migrations/*.ts" : "src/shared/infra/typeorm/migrations/1651430840384-CreateTableUsers.ts,src/shared/infra/typeorm/migrations/1651705270908-CreateTableCargos.ts,src/shared/infra/typeorm/migrations/1651705975087-CreateTableFormacao.ts,src/shared/infra/typeorm/migrations/1651708008917-CreateTableAluno.ts"
[2022-05-13T01:38:43.017Z][QUERY]: SHOW server_version;
[2022-05-13T01:39:53.194Z][QUERY]: SELECT * FROM current_schema()
[2022-05-13T01:39:53.222Z][INFO]: All classes found using provided glob pattern "./src/modules/**/infra/typeorm/entities/*.ts" : "src/modules/users/infra/typeorm/entities/User.ts,src/modules/users/infra/typeorm/entities/UserToken.ts"
[2022-05-13T01:39:53.255Z][INFO]: All classes found using provided glob pattern "./src/shared/infra/typeorm/migrations/*.ts" : "src/shared/infra/typeorm/migrations/1651430840384-CreateTableUsers.ts,src/shared/infra/typeorm/migrations/1651705270908-CreateTableCargos.ts,src/shared/infra/typeorm/migrations/1651705975087-CreateTableFormacao.ts,src/shared/infra/typeorm/migrations/1651708008917-CreateTableAluno.ts"
[2022-05-13T01:39:53.338Z][QUERY]: SHOW server_version;
[2022-05-13T01:40:09.472Z][QUERY]: SELECT "User"."createdAt" AS "User_createdAt", "User"."createdBy" AS "User_createdBy", "User"."updatedAt" AS "User_updatedAt", "User"."updatedBy" AS "User_updatedBy", "User"."version" AS "User_version", "User"."username" AS "User_username", "User"."password" AS "User_password", "User"."name" AS "User_name", "User"."status" AS "User_status" FROM "Users" "User" WHERE "User"."username" IN ($1) -- PARAMETERS: ["cros"]
[2022-05-13T01:40:09.476Z][QUERY]: START TRANSACTION
[2022-05-13T01:40:09.482Z][QUERY]: INSERT INTO "Users"("createdAt", "createdBy", "updatedAt", "updatedBy", "version", "username", "password", "name", "status") VALUES (DEFAULT, $1, DEFAULT, $2, 1, $3, $4, $5, $6) RETURNING "createdAt", "updatedAt", "version" -- PARAMETERS: ["Admin","Admin","cros","$2a$08$GIemULwRlYPlSMafqPKDMOjcLe8HJb2BkFVJp/c4W5R7yc.7eEcGm","Clodoaldo dda Silva",1]
[2022-05-13T01:40:09.492Z][QUERY]: COMMIT
[2022-05-13T01:40:37.483Z][QUERY]: SELECT "User"."createdAt" AS "User_createdAt", "User"."createdBy" AS "User_createdBy", "User"."updatedAt" AS "User_updatedAt", "User"."updatedBy" AS "User_updatedBy", "User"."version" AS "User_version", "User"."username" AS "User_username", "User"."password" AS "User_password", "User"."name" AS "User_name", "User"."status" AS "User_status" FROM "Users" "User" WHERE "User"."username" = $1 LIMIT 1 -- PARAMETERS: ["cros"]
[2022-05-13T01:42:16.109Z][QUERY]: SELECT * FROM current_schema()
[2022-05-13T01:42:16.141Z][INFO]: All classes found using provided glob pattern "./src/modules/**/infra/typeorm/entities/*.ts" : "src/modules/users/infra/typeorm/entities/User.ts,src/modules/users/infra/typeorm/entities/UserToken.ts"
[2022-05-13T01:42:16.157Z][INFO]: All classes found using provided glob pattern "./src/shared/infra/typeorm/migrations/*.ts" : "src/shared/infra/typeorm/migrations/1651430840384-CreateTableUsers.ts,src/shared/infra/typeorm/migrations/1651705270908-CreateTableCargos.ts,src/shared/infra/typeorm/migrations/1651705975087-CreateTableFormacao.ts,src/shared/infra/typeorm/migrations/1651708008917-CreateTableAluno.ts"
[2022-05-13T01:42:16.181Z][QUERY]: SHOW server_version;
[2022-05-13T01:42:18.911Z][QUERY]: SELECT "User"."createdAt" AS "User_createdAt", "User"."createdBy" AS "User_createdBy", "User"."updatedAt" AS "User_updatedAt", "User"."updatedBy" AS "User_updatedBy", "User"."version" AS "User_version", "User"."username" AS "User_username", "User"."password" AS "User_password", "User"."name" AS "User_name", "User"."status" AS "User_status" FROM "Users" "User" WHERE "User"."username" = $1 LIMIT 1 -- PARAMETERS: ["cros"]
[2022-05-13T01:42:46.639Z][QUERY]: SELECT * FROM current_schema()
[2022-05-13T01:42:46.670Z][INFO]: All classes found using provided glob pattern "./src/modules/**/infra/typeorm/entities/*.ts" : "src/modules/users/infra/typeorm/entities/User.ts,src/modules/users/infra/typeorm/entities/UserToken.ts"
[2022-05-13T01:42:46.686Z][INFO]: All classes found using provided glob pattern "./src/shared/infra/typeorm/migrations/*.ts" : "src/shared/infra/typeorm/migrations/1651430840384-CreateTableUsers.ts,src/shared/infra/typeorm/migrations/1651705270908-CreateTableCargos.ts,src/shared/infra/typeorm/migrations/1651705975087-CreateTableFormacao.ts,src/shared/infra/typeorm/migrations/1651708008917-CreateTableAluno.ts"
[2022-05-13T01:42:46.703Z][QUERY]: SHOW server_version;
[2022-05-13T01:42:47.572Z][QUERY]: SELECT "User"."createdAt" AS "User_createdAt", "User"."createdBy" AS "User_createdBy", "User"."updatedAt" AS "User_updatedAt", "User"."updatedBy" AS "User_updatedBy", "User"."version" AS "User_version", "User"."username" AS "User_username", "User"."password" AS "User_password", "User"."name" AS "User_name", "User"."status" AS "User_status" FROM "Users" "User" WHERE "User"."username" = $1 LIMIT 1 -- PARAMETERS: ["cros"]
[2022-05-13T01:42:59.742Z][QUERY]: SELECT "User"."createdAt" AS "User_createdAt", "User"."createdBy" AS "User_createdBy", "User"."updatedAt" AS "User_updatedAt", "User"."updatedBy" AS "User_updatedBy", "User"."version" AS "User_version", "User"."username" AS "User_username", "User"."password" AS "User_password", "User"."name" AS "User_name", "User"."status" AS "User_status" FROM "Users" "User" WHERE "User"."username" = $1 LIMIT 1 -- PARAMETERS: ["cros"]
[2022-05-13T01:43:14.469Z][QUERY]: SELECT * FROM current_schema()
[2022-05-13T01:43:14.499Z][INFO]: All classes found using provided glob pattern "./src/modules/**/infra/typeorm/entities/*.ts" : "src/modules/users/infra/typeorm/entities/User.ts,src/modules/users/infra/typeorm/entities/UserToken.ts"
[2022-05-13T01:43:14.515Z][INFO]: All classes found using provided glob pattern "./src/shared/infra/typeorm/migrations/*.ts" : "src/shared/infra/typeorm/migrations/1651430840384-CreateTableUsers.ts,src/shared/infra/typeorm/migrations/1651705270908-CreateTableCargos.ts,src/shared/infra/typeorm/migrations/1651705975087-CreateTableFormacao.ts,src/shared/infra/typeorm/migrations/1651708008917-CreateTableAluno.ts"
[2022-05-13T01:43:14.535Z][QUERY]: SHOW server_version;
[2022-05-13T01:43:14.593Z][QUERY]: SELECT "User"."createdAt" AS "User_createdAt", "User"."createdBy" AS "User_createdBy", "User"."updatedAt" AS "User_updatedAt", "User"."updatedBy" AS "User_updatedBy", "User"."version" AS "User_version", "User"."username" AS "User_username", "User"."password" AS "User_password", "User"."name" AS "User_name", "User"."status" AS "User_status" FROM "Users" "User" WHERE "User"."username" = $1 LIMIT 1 -- PARAMETERS: ["cros"]
[2022-05-13T01:43:19.654Z][QUERY]: SELECT "User"."createdAt" AS "User_createdAt", "User"."createdBy" AS "User_createdBy", "User"."updatedAt" AS "User_updatedAt", "User"."updatedBy" AS "User_updatedBy", "User"."version" AS "User_version", "User"."username" AS "User_username", "User"."password" AS "User_password", "User"."name" AS "User_name", "User"."status" AS "User_status" FROM "Users" "User" WHERE "User"."username" = $1 LIMIT 1 -- PARAMETERS: ["cros"]
[2022-05-13T01:45:44.148Z][QUERY]: SELECT * FROM current_schema()
[2022-05-13T01:45:44.178Z][INFO]: All classes found using provided glob pattern "./src/modules/**/infra/typeorm/entities/*.ts" : "src/modules/users/infra/typeorm/entities/User.ts,src/modules/users/infra/typeorm/entities/UserToken.ts"
[2022-05-13T01:45:44.191Z][INFO]: All classes found using provided glob pattern "./src/shared/infra/typeorm/migrations/*.ts" : "src/shared/infra/typeorm/migrations/1651430840384-CreateTableUsers.ts,src/shared/infra/typeorm/migrations/1651705270908-CreateTableCargos.ts,src/shared/infra/typeorm/migrations/1651705975087-CreateTableFormacao.ts,src/shared/infra/typeorm/migrations/1651708008917-CreateTableAluno.ts"
[2022-05-13T01:45:44.210Z][QUERY]: SHOW server_version;
[2022-05-13T01:45:48.185Z][QUERY]: SELECT "User"."createdAt" AS "User_createdAt", "User"."createdBy" AS "User_createdBy", "User"."updatedAt" AS "User_updatedAt", "User"."updatedBy" AS "User_updatedBy", "User"."version" AS "User_version", "User"."username" AS "User_username", "User"."password" AS "User_password", "User"."name" AS "User_name", "User"."status" AS "User_status" FROM "Users" "User" WHERE "User"."username" = $1 LIMIT 1 -- PARAMETERS: ["cros"]
[2022-05-13T01:45:48.267Z][QUERY]: START TRANSACTION
[2022-05-13T01:45:48.274Z][QUERY]: INSERT INTO "Users"("createdAt", "createdBy", "updatedAt", "updatedBy", "version", "id", "refreshToken", "username", "expiresDate") VALUES (DEFAULT, $1, DEFAULT, $2, 1, DEFAULT, $3, $4, $5) RETURNING "createdAt", "updatedAt", "version" -- PARAMETERS: ["cros","cros","eyJhbGciOiJIUzI1NiIsInR5cCI6IkpXVCJ9.eyJpYXQiOjE2NTI0MDYzNDgsImV4cCI6MTY1MjQ5Mjc0OCwic3ViIjoiY3JvcyJ9.-jWqBIjh0-y6mHdM4DLHvsHlHasC3naKuTTzRMwsZjQ","cros","2022-05-14T01:45:48.264Z"]
[2022-05-13T01:45:48.276Z][FAILED QUERY]: INSERT INTO "Users"("createdAt", "createdBy", "updatedAt", "updatedBy", "version", "id", "refreshToken", "username", "expiresDate") VALUES (DEFAULT, $1, DEFAULT, $2, 1, DEFAULT, $3, $4, $5) RETURNING "createdAt", "updatedAt", "version" -- PARAMETERS: ["cros","cros","eyJhbGciOiJIUzI1NiIsInR5cCI6IkpXVCJ9.eyJpYXQiOjE2NTI0MDYzNDgsImV4cCI6MTY1MjQ5Mjc0OCwic3ViIjoiY3JvcyJ9.-jWqBIjh0-y6mHdM4DLHvsHlHasC3naKuTTzRMwsZjQ","cros","2022-05-14T01:45:48.264Z"]
[2022-05-13T01:45:48.276Z][QUERY ERROR]: error: column "id" of relation "Users" does not exist
[2022-05-13T01:45:48.277Z][QUERY]: ROLLBACK
[2022-05-13T02:01:17.363Z][QUERY]: SELECT * FROM current_schema()
[2022-05-13T02:01:19.795Z][QUERY]: SHOW server_version;
[2022-05-13T02:01:19.798Z][QUERY]: SELECT * FROM "information_schema"."tables" WHERE "table_schema" = 'public' AND "table_name" = 'migrations'
[2022-05-13T02:01:19.833Z][QUERY]: SELECT * FROM "information_schema"."tables" WHERE "table_schema" = 'public' AND "table_name" = 'typeorm_metadata'
[2022-05-13T02:01:19.838Z][QUERY]: SELECT * FROM "migrations" "migrations" ORDER BY "id" DESC
[2022-05-13T02:01:19.842Z]3 migrations are already loaded in the database.
[2022-05-13T02:01:19.843Z]4 migrations were found in the source code.
[2022-05-13T02:01:19.844Z]CreateTableFormacao1651705975087 is the last executed migration. It was executed on Wed May 04 2022 20:12:55 GMT-0300 (Horário Padrão de Brasília).
[2022-05-13T02:01:19.844Z]1 migrations are new migrations that needs to be executed.
[2022-05-13T02:01:19.845Z][QUERY]: START TRANSACTION
[2022-05-13T02:01:19.848Z][QUERY]: CREATE TABLE "UserToken" ("id" numeric NOT NULL, "refreshToken" varchar(4000) NOT NULL, "username" varchar(4000) NOT NULL, "expiresDate" timestamp NOT NULL, "createdAt" timestamp NOT NULL DEFAULT now(), "createdBy" varchar(100) NOT NULL, "updatedAt" timestamp NOT NULL DEFAULT now(), "updatedBy" varchar(100) NOT NULL, "version" numeric NOT NULL, CONSTRAINT "PK_12be9b671c63527a22e40e9af1d" PRIMARY KEY ("id"))
[2022-05-13T02:01:19.895Z][QUERY]: INSERT INTO "migrations"("timestamp", "name") VALUES ($1, $2) -- PARAMETERS: [1652406659693,"CreateTableUserToken1652406659693"]
[2022-05-13T02:01:19.951Z]Migration CreateTableUserToken1652406659693 has been executed successfully.
[2022-05-13T02:01:19.952Z][QUERY]: COMMIT
[2022-05-13T02:01:28.354Z][QUERY]: SELECT * FROM current_schema()
[2022-05-13T02:01:28.386Z][INFO]: All classes found using provided glob pattern "./src/modules/**/infra/typeorm/entities/*.ts" : "src/modules/users/infra/typeorm/entities/User.ts,src/modules/users/infra/typeorm/entities/UserToken.ts"
[2022-05-13T02:01:28.398Z][INFO]: All classes found using provided glob pattern "./src/shared/infra/typeorm/migrations/*.ts" : "src/shared/infra/typeorm/migrations/1651430840384-CreateTableUsers.ts,src/shared/infra/typeorm/migrations/1651705270908-CreateTableCargos.ts,src/shared/infra/typeorm/migrations/1651705975087-CreateTableFormacao.ts,src/shared/infra/typeorm/migrations/1652406659693-CreateTableUserToken.ts"
[2022-05-13T02:01:28.492Z][QUERY]: SHOW server_version;
[2022-05-13T02:01:31.729Z][QUERY]: SELECT "User"."createdAt" AS "User_createdAt", "User"."createdBy" AS "User_createdBy", "User"."updatedAt" AS "User_updatedAt", "User"."updatedBy" AS "User_updatedBy", "User"."version" AS "User_version", "User"."username" AS "User_username", "User"."password" AS "User_password", "User"."name" AS "User_name", "User"."status" AS "User_status" FROM "Users" "User" WHERE "User"."username" = $1 LIMIT 1 -- PARAMETERS: ["cros"]
[2022-05-13T02:01:31.768Z][QUERY]: START TRANSACTION
[2022-05-13T02:01:31.773Z][QUERY]: INSERT INTO "Users"("createdAt", "createdBy", "updatedAt", "updatedBy", "version", "id", "refreshToken", "username", "expiresDate") VALUES (DEFAULT, $1, DEFAULT, $2, 1, DEFAULT, $3, $4, $5) RETURNING "createdAt", "updatedAt", "version" -- PARAMETERS: ["cros","cros","eyJhbGciOiJIUzI1NiIsInR5cCI6IkpXVCJ9.eyJpYXQiOjE2NTI0MDcyOTEsImV4cCI6MTY1MjQ5MzY5MSwic3ViIjoiY3JvcyJ9.Jl293bNnc8UelZBFSLDwpnNBCTHoDgACds9AFnVhjW8","cros","2022-05-14T02:01:31.765Z"]
[2022-05-13T02:01:31.775Z][FAILED QUERY]: INSERT INTO "Users"("createdAt", "createdBy", "updatedAt", "updatedBy", "version", "id", "refreshToken", "username", "expiresDate") VALUES (DEFAULT, $1, DEFAULT, $2, 1, DEFAULT, $3, $4, $5) RETURNING "createdAt", "updatedAt", "version" -- PARAMETERS: ["cros","cros","eyJhbGciOiJIUzI1NiIsInR5cCI6IkpXVCJ9.eyJpYXQiOjE2NTI0MDcyOTEsImV4cCI6MTY1MjQ5MzY5MSwic3ViIjoiY3JvcyJ9.Jl293bNnc8UelZBFSLDwpnNBCTHoDgACds9AFnVhjW8","cros","2022-05-14T02:01:31.765Z"]
[2022-05-13T02:01:31.775Z][QUERY ERROR]: error: column "id" of relation "Users" does not exist
[2022-05-13T02:01:31.776Z][QUERY]: ROLLBACK
[2022-05-13T02:01:34.348Z][QUERY]: SELECT "User"."createdAt" AS "User_createdAt", "User"."createdBy" AS "User_createdBy", "User"."updatedAt" AS "User_updatedAt", "User"."updatedBy" AS "User_updatedBy", "User"."version" AS "User_version", "User"."username" AS "User_username", "User"."password" AS "User_password", "User"."name" AS "User_name", "User"."status" AS "User_status" FROM "Users" "User" WHERE "User"."username" = $1 LIMIT 1 -- PARAMETERS: ["cros"]
[2022-05-13T02:01:34.417Z][QUERY]: START TRANSACTION
[2022-05-13T02:01:34.419Z][QUERY]: INSERT INTO "Users"("createdAt", "createdBy", "updatedAt", "updatedBy", "version", "id", "refreshToken", "username", "expiresDate") VALUES (DEFAULT, $1, DEFAULT, $2, 1, DEFAULT, $3, $4, $5) RETURNING "createdAt", "updatedAt", "version" -- PARAMETERS: ["cros","cros","eyJhbGciOiJIUzI1NiIsInR5cCI6IkpXVCJ9.eyJpYXQiOjE2NTI0MDcyOTQsImV4cCI6MTY1MjQ5MzY5NCwic3ViIjoiY3JvcyJ9.mIRAMvEVt_w4m1LzaVfnZeqho5t6dS7gwiBvmSXF9GE","cros","2022-05-14T02:01:34.417Z"]
[2022-05-13T02:01:34.421Z][FAILED QUERY]: INSERT INTO "Users"("createdAt", "createdBy", "updatedAt", "updatedBy", "version", "id", "refreshToken", "username", "expiresDate") VALUES (DEFAULT, $1, DEFAULT, $2, 1, DEFAULT, $3, $4, $5) RETURNING "createdAt", "updatedAt", "version" -- PARAMETERS: ["cros","cros","eyJhbGciOiJIUzI1NiIsInR5cCI6IkpXVCJ9.eyJpYXQiOjE2NTI0MDcyOTQsImV4cCI6MTY1MjQ5MzY5NCwic3ViIjoiY3JvcyJ9.mIRAMvEVt_w4m1LzaVfnZeqho5t6dS7gwiBvmSXF9GE","cros","2022-05-14T02:01:34.417Z"]
[2022-05-13T02:01:34.421Z][QUERY ERROR]: error: column "id" of relation "Users" does not exist
[2022-05-13T02:01:34.422Z][QUERY]: ROLLBACK
[2022-05-13T02:01:34.971Z][QUERY]: SELECT "User"."createdAt" AS "User_createdAt", "User"."createdBy" AS "User_createdBy", "User"."updatedAt" AS "User_updatedAt", "User"."updatedBy" AS "User_updatedBy", "User"."version" AS "User_version", "User"."username" AS "User_username", "User"."password" AS "User_password", "User"."name" AS "User_name", "User"."status" AS "User_status" FROM "Users" "User" WHERE "User"."username" = $1 LIMIT 1 -- PARAMETERS: ["cros"]
[2022-05-13T02:01:34.992Z][QUERY]: START TRANSACTION
[2022-05-13T02:01:34.994Z][QUERY]: INSERT INTO "Users"("createdAt", "createdBy", "updatedAt", "updatedBy", "version", "id", "refreshToken", "username", "expiresDate") VALUES (DEFAULT, $1, DEFAULT, $2, 1, DEFAULT, $3, $4, $5) RETURNING "createdAt", "updatedAt", "version" -- PARAMETERS: ["cros","cros","eyJhbGciOiJIUzI1NiIsInR5cCI6IkpXVCJ9.eyJpYXQiOjE2NTI0MDcyOTQsImV4cCI6MTY1MjQ5MzY5NCwic3ViIjoiY3JvcyJ9.mIRAMvEVt_w4m1LzaVfnZeqho5t6dS7gwiBvmSXF9GE","cros","2022-05-14T02:01:34.991Z"]
[2022-05-13T02:01:34.995Z][FAILED QUERY]: INSERT INTO "Users"("createdAt", "createdBy", "updatedAt", "updatedBy", "version", "id", "refreshToken", "username", "expiresDate") VALUES (DEFAULT, $1, DEFAULT, $2, 1, DEFAULT, $3, $4, $5) RETURNING "createdAt", "updatedAt", "version" -- PARAMETERS: ["cros","cros","eyJhbGciOiJIUzI1NiIsInR5cCI6IkpXVCJ9.eyJpYXQiOjE2NTI0MDcyOTQsImV4cCI6MTY1MjQ5MzY5NCwic3ViIjoiY3JvcyJ9.mIRAMvEVt_w4m1LzaVfnZeqho5t6dS7gwiBvmSXF9GE","cros","2022-05-14T02:01:34.991Z"]
[2022-05-13T02:01:34.995Z][QUERY ERROR]: error: column "id" of relation "Users" does not exist
[2022-05-13T02:01:34.996Z][QUERY]: ROLLBACK
[2022-05-13T02:01:35.455Z][QUERY]: SELECT "User"."createdAt" AS "User_createdAt", "User"."createdBy" AS "User_createdBy", "User"."updatedAt" AS "User_updatedAt", "User"."updatedBy" AS "User_updatedBy", "User"."version" AS "User_version", "User"."username" AS "User_username", "User"."password" AS "User_password", "User"."name" AS "User_name", "User"."status" AS "User_status" FROM "Users" "User" WHERE "User"."username" = $1 LIMIT 1 -- PARAMETERS: ["cros"]
[2022-05-13T02:01:35.517Z][QUERY]: START TRANSACTION
[2022-05-13T02:01:35.519Z][QUERY]: INSERT INTO "Users"("createdAt", "createdBy", "updatedAt", "updatedBy", "version", "id", "refreshToken", "username", "expiresDate") VALUES (DEFAULT, $1, DEFAULT, $2, 1, DEFAULT, $3, $4, $5) RETURNING "createdAt", "updatedAt", "version" -- PARAMETERS: ["cros","cros","eyJhbGciOiJIUzI1NiIsInR5cCI6IkpXVCJ9.eyJpYXQiOjE2NTI0MDcyOTUsImV4cCI6MTY1MjQ5MzY5NSwic3ViIjoiY3JvcyJ9.yY8pIvM8VWCeO33rmkI3bGydaBKv7cagxiXpzKVO-kc","cros","2022-05-14T02:01:35.517Z"]
[2022-05-13T02:01:35.521Z][FAILED QUERY]: INSERT INTO "Users"("createdAt", "createdBy", "updatedAt", "updatedBy", "version", "id", "refreshToken", "username", "expiresDate") VALUES (DEFAULT, $1, DEFAULT, $2, 1, DEFAULT, $3, $4, $5) RETURNING "createdAt", "updatedAt", "version" -- PARAMETERS: ["cros","cros","eyJhbGciOiJIUzI1NiIsInR5cCI6IkpXVCJ9.eyJpYXQiOjE2NTI0MDcyOTUsImV4cCI6MTY1MjQ5MzY5NSwic3ViIjoiY3JvcyJ9.yY8pIvM8VWCeO33rmkI3bGydaBKv7cagxiXpzKVO-kc","cros","2022-05-14T02:01:35.517Z"]
[2022-05-13T02:01:35.521Z][QUERY ERROR]: error: column "id" of relation "Users" does not exist
[2022-05-13T02:01:35.521Z][QUERY]: ROLLBACK
[2022-05-13T02:01:35.804Z][QUERY]: SELECT "User"."createdAt" AS "User_createdAt", "User"."createdBy" AS "User_createdBy", "User"."updatedAt" AS "User_updatedAt", "User"."updatedBy" AS "User_updatedBy", "User"."version" AS "User_version", "User"."username" AS "User_username", "User"."password" AS "User_password", "User"."name" AS "User_name", "User"."status" AS "User_status" FROM "Users" "User" WHERE "User"."username" = $1 LIMIT 1 -- PARAMETERS: ["cros"]
[2022-05-13T02:01:35.824Z][QUERY]: START TRANSACTION
[2022-05-13T02:01:35.827Z][QUERY]: INSERT INTO "Users"("createdAt", "createdBy", "updatedAt", "updatedBy", "version", "id", "refreshToken", "username", "expiresDate") VALUES (DEFAULT, $1, DEFAULT, $2, 1, DEFAULT, $3, $4, $5) RETURNING "createdAt", "updatedAt", "version" -- PARAMETERS: ["cros","cros","eyJhbGciOiJIUzI1NiIsInR5cCI6IkpXVCJ9.eyJpYXQiOjE2NTI0MDcyOTUsImV4cCI6MTY1MjQ5MzY5NSwic3ViIjoiY3JvcyJ9.yY8pIvM8VWCeO33rmkI3bGydaBKv7cagxiXpzKVO-kc","cros","2022-05-14T02:01:35.824Z"]
[2022-05-13T02:01:35.828Z][FAILED QUERY]: INSERT INTO "Users"("createdAt", "createdBy", "updatedAt", "updatedBy", "version", "id", "refreshToken", "username", "expiresDate") VALUES (DEFAULT, $1, DEFAULT, $2, 1, DEFAULT, $3, $4, $5) RETURNING "createdAt", "updatedAt", "version" -- PARAMETERS: ["cros","cros","eyJhbGciOiJIUzI1NiIsInR5cCI6IkpXVCJ9.eyJpYXQiOjE2NTI0MDcyOTUsImV4cCI6MTY1MjQ5MzY5NSwic3ViIjoiY3JvcyJ9.yY8pIvM8VWCeO33rmkI3bGydaBKv7cagxiXpzKVO-kc","cros","2022-05-14T02:01:35.824Z"]
[2022-05-13T02:01:35.828Z][QUERY ERROR]: error: column "id" of relation "Users" does not exist
[2022-05-13T02:01:35.829Z][QUERY]: ROLLBACK
[2022-05-13T02:01:35.983Z][QUERY]: SELECT "User"."createdAt" AS "User_createdAt", "User"."createdBy" AS "User_createdBy", "User"."updatedAt" AS "User_updatedAt", "User"."updatedBy" AS "User_updatedBy", "User"."version" AS "User_version", "User"."username" AS "User_username", "User"."password" AS "User_password", "User"."name" AS "User_name", "User"."status" AS "User_status" FROM "Users" "User" WHERE "User"."username" = $1 LIMIT 1 -- PARAMETERS: ["cros"]
[2022-05-13T02:01:36.047Z][QUERY]: START TRANSACTION
[2022-05-13T02:01:36.049Z][QUERY]: INSERT INTO "Users"("createdAt", "createdBy", "updatedAt", "updatedBy", "version", "id", "refreshToken", "username", "expiresDate") VALUES (DEFAULT, $1, DEFAULT, $2, 1, DEFAULT, $3, $4, $5) RETURNING "createdAt", "updatedAt", "version" -- PARAMETERS: ["cros","cros","eyJhbGciOiJIUzI1NiIsInR5cCI6IkpXVCJ9.eyJpYXQiOjE2NTI0MDcyOTYsImV4cCI6MTY1MjQ5MzY5Niwic3ViIjoiY3JvcyJ9.DKVMh4SlKWxNT7UGDXPP8TTZzEfgtTUDAXQAaqEVxfk","cros","2022-05-14T02:01:36.046Z"]
[2022-05-13T02:01:36.051Z][FAILED QUERY]: INSERT INTO "Users"("createdAt", "createdBy", "updatedAt", "updatedBy", "version", "id", "refreshToken", "username", "expiresDate") VALUES (DEFAULT, $1, DEFAULT, $2, 1, DEFAULT, $3, $4, $5) RETURNING "createdAt", "updatedAt", "version" -- PARAMETERS: ["cros","cros","eyJhbGciOiJIUzI1NiIsInR5cCI6IkpXVCJ9.eyJpYXQiOjE2NTI0MDcyOTYsImV4cCI6MTY1MjQ5MzY5Niwic3ViIjoiY3JvcyJ9.DKVMh4SlKWxNT7UGDXPP8TTZzEfgtTUDAXQAaqEVxfk","cros","2022-05-14T02:01:36.046Z"]
[2022-05-13T02:01:36.051Z][QUERY ERROR]: error: column "id" of relation "Users" does not exist
[2022-05-13T02:01:36.051Z][QUERY]: ROLLBACK
[2022-05-13T02:01:36.174Z][QUERY]: SELECT "User"."createdAt" AS "User_createdAt", "User"."createdBy" AS "User_createdBy", "User"."updatedAt" AS "User_updatedAt", "User"."updatedBy" AS "User_updatedBy", "User"."version" AS "User_version", "User"."username" AS "User_username", "User"."password" AS "User_password", "User"."name" AS "User_name", "User"."status" AS "User_status" FROM "Users" "User" WHERE "User"."username" = $1 LIMIT 1 -- PARAMETERS: ["cros"]
[2022-05-13T02:01:36.195Z][QUERY]: START TRANSACTION
[2022-05-13T02:01:36.197Z][QUERY]: INSERT INTO "Users"("createdAt", "createdBy", "updatedAt", "updatedBy", "version", "id", "refreshToken", "username", "expiresDate") VALUES (DEFAULT, $1, DEFAULT, $2, 1, DEFAULT, $3, $4, $5) RETURNING "createdAt", "updatedAt", "version" -- PARAMETERS: ["cros","cros","eyJhbGciOiJIUzI1NiIsInR5cCI6IkpXVCJ9.eyJpYXQiOjE2NTI0MDcyOTYsImV4cCI6MTY1MjQ5MzY5Niwic3ViIjoiY3JvcyJ9.DKVMh4SlKWxNT7UGDXPP8TTZzEfgtTUDAXQAaqEVxfk","cros","2022-05-14T02:01:36.194Z"]
[2022-05-13T02:01:36.198Z][FAILED QUERY]: INSERT INTO "Users"("createdAt", "createdBy", "updatedAt", "updatedBy", "version", "id", "refreshToken", "username", "expiresDate") VALUES (DEFAULT, $1, DEFAULT, $2, 1, DEFAULT, $3, $4, $5) RETURNING "createdAt", "updatedAt", "version" -- PARAMETERS: ["cros","cros","eyJhbGciOiJIUzI1NiIsInR5cCI6IkpXVCJ9.eyJpYXQiOjE2NTI0MDcyOTYsImV4cCI6MTY1MjQ5MzY5Niwic3ViIjoiY3JvcyJ9.DKVMh4SlKWxNT7UGDXPP8TTZzEfgtTUDAXQAaqEVxfk","cros","2022-05-14T02:01:36.194Z"]
[2022-05-13T02:01:36.198Z][QUERY ERROR]: error: column "id" of relation "Users" does not exist
[2022-05-13T02:01:36.199Z][QUERY]: ROLLBACK
[2022-05-13T02:01:36.371Z][QUERY]: SELECT "User"."createdAt" AS "User_createdAt", "User"."createdBy" AS "User_createdBy", "User"."updatedAt" AS "User_updatedAt", "User"."updatedBy" AS "User_updatedBy", "User"."version" AS "User_version", "User"."username" AS "User_username", "User"."password" AS "User_password", "User"."name" AS "User_name", "User"."status" AS "User_status" FROM "Users" "User" WHERE "User"."username" = $1 LIMIT 1 -- PARAMETERS: ["cros"]
[2022-05-13T02:01:36.438Z][QUERY]: START TRANSACTION
[2022-05-13T02:01:36.440Z][QUERY]: INSERT INTO "Users"("createdAt", "createdBy", "updatedAt", "updatedBy", "version", "id", "refreshToken", "username", "expiresDate") VALUES (DEFAULT, $1, DEFAULT, $2, 1, DEFAULT, $3, $4, $5) RETURNING "createdAt", "updatedAt", "version" -- PARAMETERS: ["cros","cros","eyJhbGciOiJIUzI1NiIsInR5cCI6IkpXVCJ9.eyJpYXQiOjE2NTI0MDcyOTYsImV4cCI6MTY1MjQ5MzY5Niwic3ViIjoiY3JvcyJ9.DKVMh4SlKWxNT7UGDXPP8TTZzEfgtTUDAXQAaqEVxfk","cros","2022-05-14T02:01:36.437Z"]
[2022-05-13T02:01:36.442Z][FAILED QUERY]: INSERT INTO "Users"("createdAt", "createdBy", "updatedAt", "updatedBy", "version", "id", "refreshToken", "username", "expiresDate") VALUES (DEFAULT, $1, DEFAULT, $2, 1, DEFAULT, $3, $4, $5) RETURNING "createdAt", "updatedAt", "version" -- PARAMETERS: ["cros","cros","eyJhbGciOiJIUzI1NiIsInR5cCI6IkpXVCJ9.eyJpYXQiOjE2NTI0MDcyOTYsImV4cCI6MTY1MjQ5MzY5Niwic3ViIjoiY3JvcyJ9.DKVMh4SlKWxNT7UGDXPP8TTZzEfgtTUDAXQAaqEVxfk","cros","2022-05-14T02:01:36.437Z"]
[2022-05-13T02:01:36.442Z][QUERY ERROR]: error: column "id" of relation "Users" does not exist
[2022-05-13T02:01:36.442Z][QUERY]: ROLLBACK
[2022-05-13T02:01:36.534Z][QUERY]: SELECT "User"."createdAt" AS "User_createdAt", "User"."createdBy" AS "User_createdBy", "User"."updatedAt" AS "User_updatedAt", "User"."updatedBy" AS "User_updatedBy", "User"."version" AS "User_version", "User"."username" AS "User_username", "User"."password" AS "User_password", "User"."name" AS "User_name", "User"."status" AS "User_status" FROM "Users" "User" WHERE "User"."username" = $1 LIMIT 1 -- PARAMETERS: ["cros"]
[2022-05-13T02:01:36.556Z][QUERY]: START TRANSACTION
[2022-05-13T02:01:36.558Z][QUERY]: INSERT INTO "Users"("createdAt", "createdBy", "updatedAt", "updatedBy", "version", "id", "refreshToken", "username", "expiresDate") VALUES (DEFAULT, $1, DEFAULT, $2, 1, DEFAULT, $3, $4, $5) RETURNING "createdAt", "updatedAt", "version" -- PARAMETERS: ["cros","cros","eyJhbGciOiJIUzI1NiIsInR5cCI6IkpXVCJ9.eyJpYXQiOjE2NTI0MDcyOTYsImV4cCI6MTY1MjQ5MzY5Niwic3ViIjoiY3JvcyJ9.DKVMh4SlKWxNT7UGDXPP8TTZzEfgtTUDAXQAaqEVxfk","cros","2022-05-14T02:01:36.555Z"]
[2022-05-13T02:01:36.560Z][FAILED QUERY]: INSERT INTO "Users"("createdAt", "createdBy", "updatedAt", "updatedBy", "version", "id", "refreshToken", "username", "expiresDate") VALUES (DEFAULT, $1, DEFAULT, $2, 1, DEFAULT, $3, $4, $5) RETURNING "createdAt", "updatedAt", "version" -- PARAMETERS: ["cros","cros","eyJhbGciOiJIUzI1NiIsInR5cCI6IkpXVCJ9.eyJpYXQiOjE2NTI0MDcyOTYsImV4cCI6MTY1MjQ5MzY5Niwic3ViIjoiY3JvcyJ9.DKVMh4SlKWxNT7UGDXPP8TTZzEfgtTUDAXQAaqEVxfk","cros","2022-05-14T02:01:36.555Z"]
[2022-05-13T02:01:36.560Z][QUERY ERROR]: error: column "id" of relation "Users" does not exist
[2022-05-13T02:01:36.561Z][QUERY]: ROLLBACK
